TN:
SF:/home/runner/work/dlt-daemon/dlt-daemon/src/console/dlt-control-common.c
FN:102,get_verbosity
FN:107,set_verbosity
FN:112,get_ecuid
FN:117,set_ecuid
FN:144,set_conf
FN:156,get_timeout
FN:161,set_timeout
FN:172,set_send_serial_header
FN:177,set_resync_serial_header
FN:182,dlt_parse_config_param
FN:263,prepare_extra_headers
FN:310,prepare_headers
FN:366,dlt_control_prepare_message
FN:433,dlt_control_init_connection
FN:475,dlt_control_listen_to_daemon
FN:499,dlt_control_callback
FN:549,dlt_control_send_message
FN:618,dlt_control_init
FN:655,dlt_control_deinit
FNDA:2,dlt_control_deinit
FNDA:2,dlt_control_send_message
FNDA:2,dlt_parse_config_param
FNDA:18,get_verbosity
FNDA:2,dlt_control_init
FNDA:2,dlt_control_init_connection
FNDA:2,set_resync_serial_header
FNDA:2,dlt_control_prepare_message
FNDA:2,dlt_control_listen_to_daemon
FNDA:2,set_ecuid
FNDA:2,set_send_serial_header
FNDA:2,get_timeout
FNDA:2,prepare_extra_headers
FNDA:0,set_verbosity
FNDA:2,dlt_control_callback
FNDA:2,set_conf
FNDA:2,set_timeout
FNDA:4,get_ecuid
FNDA:2,prepare_headers
FNF:19
FNH:18
DA:102,18
DA:104,46
DA:107,0
DA:109,2
DA:110,0
DA:112,4
DA:114,4
DA:117,2
DA:119,2
DA:121,2
DA:123,0
DA:124,0
DA:126,0
DA:127,0
DA:129,0
DA:132,0
DA:139,0
DA:142,2
DA:144,2
DA:146,2
DA:149,2
DA:152,0
DA:154,2
DA:156,2
DA:158,2
DA:161,2
DA:163,2
DA:165,2
DA:166,2
DA:168,0
DA:170,2
DA:172,2
DA:174,2
DA:175,2
DA:177,2
DA:179,2
DA:180,2
DA:182,2
DA:186,2
DA:187,2
DA:188,2
DA:192,2
DA:193,0
DA:196,2
DA:201,2
DA:203,2
DA:206,16
DA:207,14
DA:208,3
DA:209,3
DA:210,3
DA:212,6
DA:213,6
DA:215,3
DA:219,3
DA:220,3
DA:223,3
DA:226,3
DA:227,3
DA:228,3
DA:229,3
DA:242,2
DA:245,0
DA:248,2
DA:249,0
DA:263,2
DA:267,2
DA:269,2
DA:272,2
DA:274,2
DA:277,2
DA:279,2
DA:282,2
DA:283,0
DA:284,0
DA:288,2
DA:290,2
DA:292,2
DA:295,2
DA:296,2
DA:298,2
DA:310,2
DA:314,2
DA:316,2
DA:319,2
DA:321,2
DA:322,0
DA:323,0
DA:327,2
DA:328,2
DA:330,2
DA:337,2
DA:340,2
DA:345,2
DA:347,2
DA:348,0
DA:349,0
DA:352,2
DA:354,2
DA:366,2
DA:370,2
DA:372,2
DA:373,0
DA:374,0
DA:377,2
DA:379,2
DA:380,0
DA:381,0
DA:384,2
DA:385,0
DA:386,0
DA:387,0
DA:391,2
DA:394,2
DA:396,2
DA:397,0
DA:398,0
DA:399,0
DA:403,2
DA:406,2
DA:407,0
DA:408,0
DA:409,0
DA:413,2
DA:414,0
DA:415,0
DA:416,0
DA:433,2
DA:435,2
DA:437,2
DA:438,0
DA:439,0
DA:442,2
DA:444,2
DA:445,0
DA:446,0
DA:449,2
DA:451,2
DA:453,2
DA:455,0
DA:456,0
DA:457,0
DA:461,2
DA:463,2
DA:475,2
DA:477,2
DA:478,2
DA:479,2
DA:499,2
DA:501,2
DA:504,2
DA:505,0
DA:506,0
DA:510,2
DA:511,2
DA:513,0
DA:515,2
DA:518,2
DA:526,2
DA:527,4
DA:528,2
DA:529,2
DA:530,2
DA:531,2
DA:533,2
DA:549,2
DA:554,2
DA:555,0
DA:556,0
DA:559,2
DA:560,0
DA:561,0
DA:564,2
DA:567,2
DA:569,2
DA:570,0
DA:571,0
DA:574,2
DA:577,2
DA:579,2
DA:581,0
DA:582,0
DA:583,0
DA:586,0
DA:587,0
DA:594,2
DA:595,2
DA:598,2
DA:599,2
DA:604,2
DA:618,2
DA:622,2
DA:623,0
DA:624,0
DA:627,2
DA:628,2
DA:631,2
DA:632,0
DA:633,0
DA:634,0
DA:638,2
DA:642,0
DA:643,0
DA:655,2
DA:661,2
DA:662,2
DA:663,2
DA:664,2
DA:668,2
DA:669,0
DA:672,2
DA:673,0
DA:678,2
LF:213
LH:147
end_of_record
TN:
SF:/home/runner/work/dlt-daemon/dlt-daemon/src/console/dlt-convert.c
FN:100,usage
FN:129,empty_dir
FN:182,main
FNDA:0,empty_dir
FNDA:35,main
FNDA:0,usage
FNF:3
FNH:1
DA:100,0
DA:104,0
DA:127,0
DA:129,0
DA:131,0
DA:134,0
DA:137,0
DA:138,0
DA:139,0
DA:142,0
DA:143,0
DA:144,0
DA:147,0
DA:148,0
DA:149,0
DA:150,0
DA:153,0
DA:155,0
DA:157,0
DA:158,0
DA:159,0
DA:161,0
DA:162,0
DA:163,0
DA:164,0
DA:165,0
DA:167,0
DA:173,0
DA:176,0
DA:182,35
DA:207,35
DA:210,35
DA:213,35
DA:221,35
DA:223,70
DA:224,35
DA:231,0
DA:234,0
DA:236,35
DA:239,35
DA:241,0
DA:244,0
DA:246,0
DA:249,0
DA:251,0
DA:254,0
DA:256,0
DA:259,0
DA:261,0
DA:264,0
DA:266,0
DA:268,0
DA:269,0
DA:271,0
DA:273,0
DA:274,0
DA:276,0
DA:278,0
DA:279,0
DA:281,0
DA:283,0
DA:284,0
DA:286,0
DA:288,0
DA:289,0
DA:291,0
DA:293,0
DA:294,0
DA:295,0
DA:296,0
DA:298,0
DA:301,0
DA:302,0
DA:312,35
DA:315,35
DA:316,0
DA:317,0
DA:318,0
DA:321,0
DA:324,35
DA:327,0
DA:328,0
DA:329,0
DA:330,0
DA:334,35
DA:336,0
DA:337,0
DA:338,0
DA:339,0
DA:340,0
DA:342,0
DA:346,0
DA:347,0
DA:349,0
DA:352,0
DA:356,0
DA:357,0
DA:358,0
DA:359,0
DA:360,0
DA:363,0
DA:364,0
DA:365,0
DA:366,0
DA:371,0
DA:372,0
DA:373,0
DA:374,0
DA:375,0
DA:377,0
DA:381,0
DA:384,70
DA:385,35
DA:388,0
DA:390,0
DA:394,35
DA:395,739
DA:399,35
DA:400,35
DA:405,35
DA:408,35
DA:410,35
DA:411,0
DA:412,0
DA:413,0
DA:415,0
DA:418,35
DA:419,0
DA:420,0
DA:421,0
DA:423,0
DA:426,739
DA:427,704
DA:428,0
DA:430,704
DA:432,0
DA:433,0
DA:435,704
DA:438,704
DA:439,0
DA:443,704
DA:444,0
DA:448,0
DA:450,0
DA:451,0
DA:453,0
DA:456,0
DA:457,0
DA:463,704
DA:464,0
DA:465,0
DA:466,0
DA:467,0
DA:469,0
DA:471,0
DA:473,0
DA:474,0
DA:475,0
DA:480,704
DA:482,0
DA:485,0
DA:488,0
DA:489,0
DA:490,0
DA:502,35
DA:503,0
DA:505,0
DA:506,0
DA:510,35
DA:511,0
DA:513,35
DA:514,0
DA:515,0
DA:516,0
DA:517,0
DA:518,0
DA:520,0
DA:522,0
DA:524,35
DA:526,0
DA:527,0
DA:528,0
DA:531,35
DA:533,35
LF:184
LH:37
end_of_record
TN:
SF:/home/runner/work/dlt-daemon/dlt-daemon/src/console/dlt-receive.c
FN:94,signal_handler
FN:144,usage
FN:179,convert_arg_to_byte_size
FN:233,dlt_receive_open_output_file
FN:304,dlt_receive_close_output_file
FN:316,main
FN:637,dlt_receive_message_callback
FNDA:0,usage
FNDA:0,dlt_receive_open_output_file
FNDA:1,signal_handler
FNDA:206,dlt_receive_message_callback
FNDA:1,main
FNDA:0,convert_arg_to_byte_size
FNDA:0,dlt_receive_close_output_file
FNF:7
FNH:3
DA:94,1
DA:96,1
DA:97,1
DA:102,1
DA:103,1
DA:109,1
DA:144,0
DA:148,0
DA:176,0
DA:179,0
DA:186,0
DA:187,0
DA:193,0
DA:199,0
DA:205,0
DA:209,0
DA:218,0
DA:219,0
DA:233,0
DA:238,0
DA:243,0
DA:244,0
DA:246,0
DA:248,0
DA:249,0
DA:259,0
DA:267,0
DA:271,0
DA:273,0
DA:274,0
DA:278,0
DA:280,0
DA:285,0
DA:287,0
DA:289,0
DA:290,0
DA:291,0
DA:292,0
DA:293,0
DA:297,0
DA:299,0
DA:300,0
DA:304,0
DA:306,0
DA:307,0
DA:308,0
DA:310,0
DA:316,1
DA:324,1
DA:325,1
DA:326,1
DA:327,1
DA:334,1
DA:335,1
DA:336,1
DA:337,1
DA:338,1
DA:339,1
DA:342,1
DA:344,2
DA:345,1
DA:346,0
DA:348,0
DA:349,0
DA:351,0
DA:353,0
DA:354,0
DA:356,0
DA:358,0
DA:359,0
DA:361,0
DA:363,0
DA:364,0
DA:366,0
DA:368,0
DA:369,0
DA:371,0
DA:373,0
DA:374,0
DA:376,0
DA:378,0
DA:379,0
DA:381,0
DA:383,0
DA:384,0
DA:386,0
DA:388,0
DA:389,0
DA:391,0
DA:393,0
DA:394,0
DA:396,0
DA:398,0
DA:399,0
DA:401,0
DA:403,0
DA:404,0
DA:406,0
DA:412,0
DA:414,0
DA:417,1
DA:419,1
DA:420,1
DA:422,1
DA:425,1
DA:427,1
DA:428,0
DA:429,0
DA:432,1
DA:433,1
DA:436,0
DA:438,0
DA:439,0
DA:441,0
DA:443,0
DA:444,0
DA:446,0
DA:448,0
DA:449,0
DA:452,0
DA:454,0
DA:456,0
DA:457,0
DA:459,0
DA:460,0
DA:465,0
DA:467,0
DA:468,0
DA:469,0
DA:470,0
DA:472,0
DA:475,0
DA:476,0
DA:478,0
DA:480,0
DA:486,1
DA:489,1
DA:492,1
DA:493,0
DA:496,1
DA:499,1
DA:500,1
DA:503,2
DA:504,1
DA:505,1
DA:506,0
DA:509,1
DA:510,1
DA:511,1
DA:513,1
DA:515,0
DA:518,1
DA:519,1
DA:521,1
DA:522,0
DA:523,0
DA:527,1
DA:529,0
DA:530,0
DA:531,0
DA:532,0
DA:535,1
DA:536,0
DA:537,0
DA:538,0
DA:543,0
DA:544,0
DA:545,0
DA:546,0
DA:549,0
DA:551,0
DA:552,0
DA:553,0
DA:556,0
DA:560,1
DA:561,1
DA:564,1
DA:567,1
DA:569,1
DA:570,0
DA:571,0
DA:572,0
DA:575,0
DA:592,1
DA:593,1
DA:594,0
DA:596,0
DA:599,1
DA:602,1
DA:603,0
DA:604,0
DA:605,0
DA:609,1
DA:610,0
DA:612,1
DA:615,1
DA:618,1
DA:621,1
DA:625,1
DA:626,1
DA:628,1
DA:630,1
DA:632,1
DA:634,1
DA:637,206
DA:645,206
DA:651,206
DA:652,206
DA:654,0
DA:656,206
DA:657,0
DA:659,206
DA:660,0
DA:662,206
DA:665,0
DA:669,0
DA:673,206
DA:675,0
DA:677,206
DA:680,0
DA:686,206
DA:687,206
DA:688,206
DA:689,206
DA:690,206
DA:692,206
DA:693,0
DA:695,0
DA:698,0
DA:701,0
DA:704,0
DA:708,206
DA:710,206
DA:712,206
DA:714,0
LF:235
LH:84
end_of_record
TN:
SF:/home/runner/work/dlt-daemon/dlt-daemon/src/console/logstorage/dlt-logstorage-common.c
FN:87,get_handler_type
FN:92,set_handler_type
FN:100,get_default_event_type
FN:105,set_default_event_type
FN:110,get_default_path
FN:115,set_default_path
FN:126,get_logstorage_control
FN:131,dlt_logstorage_get_handler_cb
FN:136,dlt_logstorage_get_handler_fd
FN:145,dlt_logstorage_init_handler
FN:164,dlt_logstorage_deinit_handler
FN:188,dlt_logstorage_check_config_file
FN:233,dlt_logstorage_check_directory_permission
FN:254,prepare_message_body
FN:306,dlt_logstorage_send_event
FNDA:6,get_default_event_type
FNDA:0,get_logstorage_control
FNDA:0,set_handler_type
FNDA:0,dlt_logstorage_check_directory_permission
FNDA:0,dlt_logstorage_get_handler_fd
FNDA:2,set_default_path
FNDA:0,dlt_logstorage_deinit_handler
FNDA:2,prepare_message_body
FNDA:0,dlt_logstorage_init_handler
FNDA:0,dlt_logstorage_get_handler_cb
FNDA:2,get_default_path
FNDA:2,set_default_event_type
FNDA:4,get_handler_type
FNDA:2,dlt_logstorage_send_event
FNDA:0,dlt_logstorage_check_config_file
FNF:15
FNH:7
DA:87,4
DA:89,4
DA:92,0
DA:94,0
DA:98,0
DA:100,6
DA:102,6
DA:105,2
DA:107,2
DA:108,2
DA:110,2
DA:112,2
DA:115,2
DA:119,2
DA:121,2
DA:126,0
DA:128,0
DA:131,0
DA:133,0
DA:136,0
DA:138,0
DA:145,0
DA:147,0
DA:150,0
DA:155,0
DA:164,0
DA:166,0
DA:169,0
DA:174,0
DA:188,0
DA:195,0
DA:196,0
DA:197,0
DA:200,0
DA:202,0
DA:204,0
DA:205,0
DA:206,0
DA:210,0
DA:212,0
DA:214,0
DA:218,0
DA:220,0
DA:221,0
DA:223,0
DA:224,0
DA:233,0
DA:235,0
DA:236,0
DA:237,0
DA:240,0
DA:241,0
DA:254,2
DA:260,2
DA:261,0
DA:262,0
DA:265,2
DA:267,2
DA:269,2
DA:270,0
DA:271,0
DA:274,2
DA:276,2
DA:277,0
DA:278,0
DA:279,0
DA:280,0
DA:283,2
DA:287,2
DA:288,2
DA:292,2
DA:294,2
DA:296,2
DA:306,2
DA:309,2
DA:312,2
DA:313,0
DA:314,0
DA:317,2
DA:319,2
DA:320,2
DA:322,2
LF:82
LH:32
end_of_record
TN:
SF:/home/runner/work/dlt-daemon/dlt-daemon/src/console/logstorage/dlt-logstorage-ctrl.c
FN:90,dlt_logstorage_exit
FN:99,dlt_logstorage_must_exit
FN:110,catch_signal
FN:123,install_signal_handler
FN:153,analyze_response
FN:212,dlt_logstorage_ctrl_add_event
FN:236,dlt_logstorage_ctrl_execute_event_loop
FN:293,dlt_logstorage_ctrl_setup_event_loop
FN:349,dlt_logstorage_ctrl_single_request
FN:391,usage
FN:439,parse_args
FN:540,sd_notify
FN:558,main
FNDA:0,catch_signal
FNDA:0,dlt_logstorage_ctrl_execute_event_loop
FNDA:2,dlt_logstorage_ctrl_single_request
FNDA:2,analyze_response
FNDA:0,dlt_logstorage_must_exit
FNDA:0,usage
FNDA:0,dlt_logstorage_ctrl_setup_event_loop
FNDA:0,dlt_logstorage_exit
FNDA:2,main
FNDA:0,dlt_logstorage_ctrl_add_event
FNDA:0,install_signal_handler
FNDA:2,parse_args
FNDA:0,sd_notify
FNF:13
FNH:4
DA:90,0
DA:92,0
DA:93,0
DA:99,0
DA:101,0
DA:110,0
DA:112,0
DA:113,0
DA:116,0
DA:123,0
DA:125,0
DA:129,0
DA:132,0
DA:134,0
DA:136,0
DA:137,0
DA:140,0
DA:153,2
DA:156,2
DA:157,2
DA:158,2
DA:160,2
DA:182,2
DA:185,2
DA:186,0
DA:190,2
DA:191,0
DA:195,2
DA:196,2
DA:212,0
DA:216,0
DA:217,0
DA:218,0
DA:221,0
DA:223,0
DA:224,0
DA:226,0
DA:236,0
DA:239,0
DA:241,0
DA:243,0
DA:244,0
DA:247,0
DA:248,0
DA:250,0
DA:253,0
DA:256,0
DA:257,0
DA:261,0
DA:262,0
DA:263,0
DA:265,0
DA:268,0
DA:269,0
DA:271,0
DA:274,0
DA:276,0
DA:277,0
DA:279,0
DA:293,0
DA:296,0
DA:303,0
DA:305,0
DA:308,0
DA:310,0
DA:311,0
DA:312,0
DA:315,0
DA:316,0
DA:317,0
DA:320,0
DA:322,0
DA:323,0
DA:324,0
DA:325,0
DA:328,0
DA:331,0
DA:335,0
DA:336,0
DA:339,0
DA:340,0
DA:342,0
DA:349,2
DA:354,2
DA:356,0
DA:357,0
DA:360,0
DA:363,0
DA:364,0
DA:365,0
DA:370,2
DA:372,0
DA:373,0
DA:374,0
DA:377,2
DA:381,2
DA:384,2
DA:386,2
DA:391,0
DA:411,0
DA:414,0
DA:439,2
DA:442,2
DA:444,6
DA:448,6
DA:449,4
DA:450,2
DA:451,2
DA:453,2
DA:454,0
DA:455,0
DA:458,2
DA:459,2
DA:460,0
DA:461,0
DA:462,0
DA:464,0
DA:466,0
DA:467,0
DA:469,0
DA:471,0
DA:472,0
DA:474,0
DA:475,0
DA:476,0
DA:477,0
DA:478,0
DA:479,0
DA:480,0
DA:481,0
DA:482,0
DA:483,0
DA:485,0
DA:487,0
DA:488,0
DA:489,0
DA:492,0
DA:493,0
DA:494,0
DA:495,0
DA:496,0
DA:498,0
DA:499,0
DA:500,0
DA:502,2
DA:503,2
DA:504,2
DA:506,0
DA:507,0
DA:508,0
DA:509,0
DA:510,0
DA:512,0
DA:513,0
DA:515,0
DA:517,0
DA:518,0
DA:519,0
DA:520,0
DA:521,0
DA:526,4
DA:527,2
DA:528,0
DA:529,0
DA:533,2
DA:534,0
DA:540,0
DA:545,0
DA:558,2
DA:562,2
DA:563,2
DA:564,2
DA:567,2
DA:572,2
DA:573,2
DA:575,2
DA:577,2
DA:578,0
DA:581,0
DA:585,0
DA:590,0
DA:591,0
DA:592,0
DA:596,0
DA:597,0
DA:600,2
LF:186
LH:43
end_of_record
TN:
SF:/home/runner/work/dlt-daemon/dlt-daemon/src/console/logstorage/dlt-logstorage-list.c
FN:79,print_list
FN:103,logstorage_find_dev_info
FN:135,logstorage_store_dev_info
FN:200,logstorage_delete_dev_info
FNDA:0,print_list
FNDA:0,logstorage_find_dev_info
FNDA:0,logstorage_delete_dev_info
FNDA:0,logstorage_store_dev_info
FNF:4
FNH:0
DA:79,0
DA:81,0
DA:82,0
DA:84,0
DA:85,0
DA:86,0
DA:89,0
DA:91,0
DA:103,0
DA:105,0
DA:107,0
DA:110,0
DA:112,0
DA:113,0
DA:114,0
DA:118,0
DA:135,0
DA:140,0
DA:141,0
DA:142,0
DA:145,0
DA:146,0
DA:147,0
DA:148,0
DA:151,0
DA:153,0
DA:154,0
DA:155,0
DA:158,0
DA:159,0
DA:164,0
DA:166,0
DA:167,0
DA:168,0
DA:170,0
DA:173,0
DA:174,0
DA:177,0
DA:179,0
DA:180,0
DA:182,0
DA:184,0
DA:185,0
DA:187,0
DA:200,0
DA:205,0
DA:207,0
DA:208,0
DA:209,0
DA:210,0
DA:214,0
DA:216,0
DA:217,0
DA:219,0
DA:220,0
DA:222,0
DA:223,0
DA:225,0
DA:226,0
DA:228,0
DA:229,0
DA:231,0
LF:62
LH:0
end_of_record
TN:
SF:/home/runner/work/dlt-daemon/dlt-daemon/src/daemon/dlt-daemon.c
FN:177,usage
FN:218,option_handling
FN:347,option_file_parser
FN:1033,dlt_mkdir_recursive
FN:1082,dlt_daemon_create_pipes_dir
FN:1125,main
FN:1359,dlt_daemon_local_init_p1
FN:1420,dlt_daemon_local_init_p2
FN:1522,dlt_daemon_init_serial
FN:1580,dlt_daemon_init_fifo
FN:1754,dlt_daemon_initialize_control_socket
FN:1801,dlt_daemon_local_connection_init
FN:1917,file_read_everything
FN:1971,file_read_field
FN:2027,dlt_daemon_local_ecu_version_init
FN:2056,dlt_daemon_local_cleanup
FN:2116,dlt_daemon_exit_trigger
FN:2140,dlt_daemon_signal_handler
FN:2189,dlt_daemon_daemonize
FN:2259,dlt_daemon_log_internal
FN:2336,dlt_daemon_check_numeric_setting
FN:2352,dlt_daemon_process_client_connect
FN:2462,dlt_daemon_process_client_messages
FN:2539,dlt_daemon_process_client_messages_serial
FN:2608,dlt_daemon_process_control_connect
FN:2704,dlt_daemon_process_control_messages
FN:2772,dlt_daemon_process_user_message_not_sup
FN:2813,dlt_daemon_process_user_messages
FN:2898,dlt_daemon_process_user_message_overflow
FN:2936,dlt_daemon_send_message_overflow
FN:2956,dlt_daemon_process_user_message_register_application
FN:3074,dlt_daemon_process_user_message_register_context
FN:3282,dlt_daemon_process_user_message_unregister_application
FN:3380,dlt_daemon_process_user_message_unregister_context
FN:3458,dlt_daemon_process_user_message_log
FN:3589,enforce_context_ll_and_ts_keep_message
FN:3614,dlt_daemon_process_user_message_set_app_ll_ts
FN:3690,dlt_daemon_process_user_message_log_mode
FN:3723,dlt_daemon_process_user_message_marker
FN:3753,dlt_daemon_send_ringbuffer_to_client
FN:3857,create_timer_fd
FN:3949,dlt_daemon_close_socket
FNDA:9,dlt_daemon_initialize_control_socket
FNDA:9,dlt_daemon_local_connection_init
FNDA:2,dlt_daemon_process_control_connect
FNDA:6,dlt_daemon_process_user_message_unregister_application
FNDA:9,dlt_daemon_local_init_p2
FNDA:9,main
FNDA:0,dlt_daemon_process_user_message_not_sup
FNDA:9,option_handling
FNDA:0,dlt_daemon_process_user_message_set_app_ll_ts
FNDA:7,dlt_daemon_process_user_message_register_application
FNDA:0,dlt_daemon_process_user_message_log_mode
FNDA:38,dlt_daemon_process_user_message_register_context
FNDA:0,file_read_field
FNDA:4,dlt_daemon_process_control_messages
FNDA:9,dlt_daemon_local_ecu_version_init
FNDA:1288,dlt_daemon_process_user_messages
FNDA:40,dlt_daemon_log_internal
FNDA:9,option_file_parser
FNDA:9,dlt_daemon_create_pipes_dir
FNDA:0,dlt_daemon_send_message_overflow
FNDA:9,dlt_mkdir_recursive
FNDA:2,dlt_daemon_daemonize
FNDA:9,dlt_daemon_local_cleanup
FNDA:5810,dlt_daemon_process_user_message_log
FNDA:0,usage
FNDA:0,enforce_context_ll_and_ts_keep_message
FNDA:9,dlt_daemon_signal_handler
FNDA:37,dlt_daemon_process_user_message_unregister_context
FNDA:0,dlt_daemon_process_client_messages_serial
FNDA:3,dlt_daemon_check_numeric_setting
FNDA:5,dlt_daemon_close_socket
FNDA:0,file_read_everything
FNDA:4,dlt_daemon_process_client_connect
FNDA:0,dlt_daemon_process_user_message_overflow
FNDA:6,dlt_daemon_process_client_messages
FNDA:9,dlt_daemon_local_init_p1
FNDA:2,dlt_daemon_send_ringbuffer_to_client
FNDA:9,dlt_daemon_init_fifo
FNDA:10,create_timer_fd
FNDA:9,dlt_daemon_init_serial
FNDA:0,dlt_daemon_process_user_message_marker
FNDA:9,dlt_daemon_exit_trigger
FNF:42
FNH:31
DA:177,0
DA:180,0
DA:213,0
DA:218,9
DA:226,9
DA:227,0
DA:228,0
DA:235,9
DA:238,9
DA:245,9
DA:253,19
DA:254,10
DA:255,2
DA:257,2
DA:258,2
DA:260,7
DA:262,7
DA:273,0
DA:275,0
DA:276,0
DA:287,1
DA:289,1
DA:291,1
DA:292,0
DA:293,0
DA:298,0
DA:300,0
DA:301,0
DA:303,0
DA:305,0
DA:310,0
DA:311,0
DA:312,0
DA:314,0
DA:317,0
DA:318,0
DA:320,0
DA:322,0
DA:323,0
DA:330,9
DA:332,9
DA:340,9
DA:347,9
DA:348,9
DA:350,9
DA:351,9
DA:352,9
DA:358,9
DA:359,9
DA:360,9
DA:361,9
DA:362,9
DA:363,9
DA:364,9
DA:365,9
DA:372,9
DA:377,9
DA:378,0
DA:381,9
DA:382,9
DA:383,9
DA:385,9
DA:386,9
DA:387,9
DA:388,9
DA:389,9
DA:390,9
DA:391,9
DA:392,9
DA:393,9
DA:394,9
DA:395,9
DA:396,9
DA:397,9
DA:398,9
DA:399,9
DA:400,9
DA:401,9
DA:402,9
DA:404,9
DA:415,9
DA:417,9
DA:418,9
DA:421,9
DA:422,9
DA:423,9
DA:424,9
DA:430,9
DA:431,9
DA:434,9
DA:435,7
DA:440,9
DA:442,9
DA:445,116
DA:446,51
DA:447,51
DA:448,51
DA:450,95
DA:451,88
DA:454,88
DA:455,44
DA:456,44
DA:459,44
DA:460,44
DA:461,44
DA:464,44
DA:467,51
DA:469,44
DA:470,0
DA:473,44
DA:475,0
DA:478,44
DA:480,0
DA:483,44
DA:485,0
DA:488,44
DA:490,0
DA:493,44
DA:495,1
DA:498,43
DA:500,0
DA:503,43
DA:505,0
DA:508,43
DA:510,0
DA:513,43
DA:515,0
DA:518,43
DA:520,0
DA:521,0
DA:524,43
DA:526,0
DA:527,0
DA:530,43
DA:532,1
DA:533,1
DA:536,42
DA:538,0
DA:539,0
DA:542,42
DA:544,1
DA:547,41
DA:549,1
DA:552,40
DA:557,1
DA:560,39
DA:562,0
DA:564,39
DA:566,0
DA:568,39
DA:570,0
DA:572,39
DA:574,1
DA:577,38
DA:579,1
DA:583,37
DA:585,1
DA:589,36
DA:591,1
DA:595,35
DA:597,1
DA:600,34
DA:602,0
DA:605,0
DA:608,34
DA:610,0
DA:613,34
DA:615,0
DA:618,34
DA:620,0
DA:623,34
DA:625,0
DA:628,34
DA:633,0
DA:636,34
DA:640,0
DA:643,34
DA:645,0
DA:648,34
DA:650,6
DA:652,28
DA:654,6
DA:658,22
DA:661,6
DA:662,6
DA:664,16
DA:667,0
DA:668,0
DA:670,16
DA:672,0
DA:673,0
DA:674,16
DA:675,6
DA:677,10
DA:679,0
DA:680,0
DA:681,0
DA:684,10
DA:695,2
DA:697,1
DA:700,1
DA:711,0
DA:715,0
DA:716,0
DA:720,0
DA:727,0
DA:731,0
DA:732,0
DA:736,0
DA:743,0
DA:747,0
DA:748,0
DA:752,0
DA:759,0
DA:761,0
DA:768,0
DA:771,0
DA:801,0
DA:806,0
DA:808,0
DA:809,0
DA:811,0
DA:812,0
DA:813,0
DA:814,0
DA:817,0
DA:820,0
DA:823,0
DA:825,0
DA:826,0
DA:828,0
DA:829,0
DA:830,0
DA:831,0
DA:834,0
DA:837,0
DA:839,0
DA:844,0
DA:847,0
DA:848,0
DA:851,0
DA:860,7
DA:863,2
DA:1033,9
DA:1042,9
DA:1044,9
DA:1045,0
DA:1047,9
DA:1049,36
DA:1050,27
DA:1051,0
DA:1053,0
DA:1054,0
DA:1062,0
DA:1067,9
DA:1068,9
DA:1075,9
DA:1078,9
DA:1082,9
DA:1086,9
DA:1087,0
DA:1088,0
DA:1092,9
DA:1095,9
DA:1096,0
DA:1101,0
DA:1105,9
DA:1109,9
DA:1110,0
DA:1113,0
DA:1115,0
DA:1125,9
DA:1137,9
DA:1138,0
DA:1139,0
DA:1141,0
DA:1145,9
DA:1146,0
DA:1147,0
DA:1149,0
DA:1153,9
DA:1154,9
DA:1156,9
DA:1157,9
DA:1161,9
DA:1162,0
DA:1179,9
DA:1181,9
DA:1183,9
DA:1188,9
DA:1189,0
DA:1190,0
DA:1202,9
DA:1203,0
DA:1204,0
DA:1209,9
DA:1211,0
DA:1212,0
DA:1216,9
DA:1217,0
DA:1218,0
DA:1223,9
DA:1224,0
DA:1225,0
DA:1232,9
DA:1235,9
DA:1236,0
DA:1237,0
DA:1251,9
DA:1252,6
DA:1257,0
DA:1280,9
DA:1283,9
DA:1284,9
DA:1285,0
DA:1288,9
DA:1289,1
DA:1290,0
DA:1291,0
DA:1295,1
DA:1304,9
DA:1305,0
DA:1307,9
DA:1309,9
DA:1318,9
DA:1319,0
DA:1320,0
DA:1322,0
DA:1324,9
DA:1330,1336
DA:1331,1327
DA:1335,9
DA:1337,9
DA:1339,9
DA:1341,9
DA:1347,9
DA:1349,9
DA:1351,9
DA:1353,9
DA:1355,9
DA:1359,9
DA:1361,9
DA:1364,9
DA:1365,0
DA:1366,0
DA:1388,9
DA:1394,9
DA:1395,2
DA:1398,9
DA:1400,9
DA:1401,0
DA:1403,0
DA:1404,0
DA:1407,9
DA:1409,9
DA:1410,9
DA:1411,9
DA:1412,9
DA:1417,9
DA:1420,9
DA:1422,9
DA:1424,9
DA:1425,0
DA:1426,0
DA:1430,9
DA:1431,9
DA:1435,0
DA:1436,0
DA:1440,9
DA:1441,0
DA:1442,0
DA:1443,0
DA:1446,0
DA:1450,0
DA:1451,0
DA:1456,9
DA:1457,6
DA:1459,6
DA:1460,0
DA:1461,0
DA:1468,9
DA:1469,1
DA:1471,8
DA:1474,9
DA:1495,9
DA:1496,0
DA:1497,0
DA:1501,9
DA:1502,0
DA:1505,9
DA:1506,9
DA:1508,9
DA:1509,0
DA:1510,0
DA:1513,9
DA:1517,9
DA:1519,9
DA:1522,9
DA:1528,9
DA:1531,0
DA:1533,0
DA:1534,0
DA:1537,0
DA:1538,0
DA:1541,0
DA:1544,0
DA:1545,0
DA:1547,0
DA:1549,0
DA:1550,0
DA:1551,0
DA:1553,0
DA:1554,0
DA:1556,0
DA:1559,0
DA:1560,0
DA:1563,0
DA:1564,0
DA:1567,0
DA:1568,0
DA:1569,0
DA:1572,0
DA:1580,9
DA:1587,9
DA:1590,9
DA:1591,9
DA:1593,9
DA:1595,9
DA:1596,0
DA:1597,0
DA:1598,0
DA:1602,9
DA:1603,0
DA:1604,0
DA:1606,0
DA:1607,0
DA:1609,0
DA:1610,0
DA:1614,0
DA:1616,0
DA:1621,0
DA:1629,9
DA:1630,0
DA:1631,0
DA:1632,0
DA:1639,9
DA:1641,0
DA:1642,0
DA:1646,9
DA:1647,0
DA:1649,9
DA:1656,9
DA:1754,9
DA:1759,9
DA:1761,9
DA:1762,0
DA:1763,0
DA:1782,9
DA:1783,9
DA:1787,9
DA:1788,9
DA:1793,0
DA:1801,9
DA:1805,9
DA:1807,9
DA:1809,9
DA:1810,0
DA:1811,0
DA:1814,9
DA:1825,9
DA:1826,0
DA:1827,0
DA:1840,9
DA:1842,9
DA:1844,9
DA:1845,9
DA:1850,0
DA:1851,0
DA:1855,0
DA:1856,0
DA:1861,0
DA:1863,0
DA:1864,0
DA:1869,0
DA:1875,0
DA:1878,0
DA:1881,0
DA:1882,0
DA:1883,0
DA:1903,9
DA:1904,0
DA:1905,0
DA:1909,9
DA:1910,0
DA:1911,0
DA:1917,0
DA:1919,0
DA:1924,0
DA:1925,0
DA:1926,0
DA:1927,0
DA:1928,0
DA:1929,0
DA:1933,0
DA:1934,0
DA:1935,0
DA:1936,0
DA:1937,0
DA:1940,0
DA:1941,0
DA:1942,0
DA:1943,0
DA:1944,0
DA:1948,0
DA:1949,0
DA:1951,0
DA:1952,0
DA:1953,0
DA:1954,0
DA:1955,0
DA:1958,0
DA:1959,0
DA:1960,0
DA:1961,0
DA:1962,0
DA:1966,0
DA:1968,0
DA:1971,0
DA:1973,0
DA:1978,0
DA:1982,0
DA:1983,0
DA:1987,0
DA:1995,0
DA:1996,0
DA:1997,0
DA:2001,0
DA:2002,0
DA:2003,0
DA:2009,0
DA:2012,0
DA:2013,0
DA:2017,0
DA:2018,0
DA:2022,0
DA:2024,0
DA:2027,9
DA:2031,9
DA:2034,9
DA:2037,9
DA:2039,9
DA:2041,9
DA:2042,9
DA:2045,0
DA:2046,0
DA:2048,0
DA:2051,0
DA:2053,0
DA:2056,9
DA:2058,9
DA:2060,9
DA:2061,0
DA:2062,0
DA:2066,9
DA:2068,9
DA:2071,9
DA:2072,0
DA:2075,9
DA:2079,9
DA:2095,9
DA:2097,6
DA:2101,6
DA:2104,9
DA:2105,9
DA:2107,9
DA:2108,1
DA:2109,1
DA:2113,9
DA:2116,9
DA:2119,9
DA:2122,9
DA:2125,9
DA:2126,9
DA:2127,0
DA:2131,9
DA:2138,9
DA:2140,9
DA:2142,9
DA:2144,9
DA:2145,9
DA:2151,9
DA:2153,9
DA:2154,9
DA:2163,9
DA:2189,2
DA:2194,2
DA:2196,2
DA:2199,2
DA:2201,4
DA:2202,0
DA:2203,0
DA:2206,4
DA:2207,2
DA:2214,2
DA:2215,0
DA:2216,0
DA:2222,2
DA:2224,2
DA:2225,0
DA:2228,2
DA:2229,0
DA:2231,2
DA:2234,0
DA:2235,0
DA:2239,2
DA:2242,2
DA:2243,0
DA:2246,2
DA:2247,2
DA:2248,2
DA:2249,2
DA:2251,2
DA:2259,40
DA:2261,40
DA:2268,40
DA:2271,40
DA:2272,40
DA:2275,40
DA:2276,40
DA:2278,40
DA:2282,40
DA:2287,40
DA:2288,40
DA:2289,40
DA:2292,40
DA:2293,40
DA:2294,40
DA:2295,40
DA:2297,40
DA:2298,40
DA:2299,40
DA:2302,40
DA:2303,40
DA:2304,40
DA:2306,40
DA:2307,40
DA:2309,40
DA:2310,0
DA:2311,0
DA:2316,40
DA:2317,40
DA:2318,40
DA:2319,40
DA:2320,40
DA:2323,40
DA:2325,40
DA:2328,40
DA:2329,40
DA:2331,40
DA:2333,40
DA:2336,3
DA:2339,3
DA:2340,3
DA:2341,3
DA:2342,3
DA:2343,3
DA:2344,0
DA:2347,0
DA:2352,4
DA:2361,4
DA:2363,4
DA:2365,4
DA:2366,0
DA:2369,0
DA:2373,4
DA:2375,4
DA:2376,0
DA:2378,0
DA:2379,0
DA:2385,4
DA:2386,4
DA:2390,4
DA:2391,4
DA:2393,4
DA:2398,0
DA:2400,4
DA:2405,0
DA:2406,0
DA:2407,0
DA:2411,4
DA:2419,4
DA:2421,0
DA:2426,0
DA:2427,0
DA:2433,4
DA:2437,4
DA:2439,4
DA:2441,4
DA:2442,2
DA:2443,0
DA:2445,2
DA:2447,2
DA:2448,0
DA:2449,0
DA:2451,0
DA:2455,2
DA:2456,2
DA:2462,6
DA:2470,6
DA:2472,6
DA:2473,0
DA:2476,0
DA:2479,6
DA:2481,6
DA:2482,0
DA:2486,0
DA:2490,10
DA:2491,10
DA:2492,10
DA:2494,10
DA:2496,4
DA:2497,4
DA:2498,4
DA:2504,4
DA:2505,4
DA:2508,4
DA:2511,4
DA:2512,0
DA:2514,4
DA:2515,0
DA:2517,0
DA:2521,6
DA:2522,0
DA:2524,0
DA:2527,6
DA:2531,1
DA:2539,0
DA:2546,0
DA:2548,0
DA:2549,0
DA:2552,0
DA:2555,0
DA:2556,0
DA:2559,0
DA:2563,0
DA:2564,0
DA:2565,0
DA:2567,0
DA:2569,0
DA:2570,0
DA:2576,0
DA:2577,0
DA:2581,0
DA:2582,0
DA:2585,0
DA:2588,0
DA:2589,0
DA:2591,0
DA:2592,0
DA:2594,0
DA:2598,0
DA:2599,0
DA:2602,0
DA:2608,2
DA:2618,2
DA:2620,2
DA:2621,0
DA:2624,0
DA:2628,2
DA:2630,2
DA:2631,0
DA:2632,0
DA:2638,2
DA:2639,2
DA:2641,2
DA:2646,0
DA:2648,0
DA:2651,2
DA:2652,0
DA:2704,4
DA:2712,4
DA:2714,4
DA:2715,0
DA:2718,0
DA:2721,4
DA:2722,2
DA:2729,2
DA:2733,4
DA:2735,4
DA:2736,4
DA:2738,4
DA:2740,2
DA:2741,2
DA:2742,2
DA:2747,2
DA:2748,2
DA:2751,2
DA:2754,2
DA:2755,0
DA:2757,2
DA:2758,0
DA:2760,0
DA:2764,2
DA:2765,0
DA:2766,0
DA:2772,0
DA:2777,0
DA:2781,0
DA:2783,0
DA:2787,0
DA:2788,0
DA:2791,0
DA:2813,1288
DA:2824,1288
DA:2826,1288
DA:2827,0
DA:2830,0
DA:2833,1288
DA:2835,1288
DA:2836,0
DA:2840,0
DA:2842,1288
DA:2843,0
DA:2845,0
DA:2849,7186
DA:2853,5898
DA:2855,5898
DA:2856,0
DA:2858,0
DA:2859,0
DA:2863,5898
DA:2867,5898
DA:2868,0
DA:2869,0
DA:2871,0
DA:2875,5898
DA:2878,5898
DA:2880,5898
DA:2888,1288
DA:2889,0
DA:2892,0
DA:2898,0
DA:2906,0
DA:2908,0
DA:2909,0
DA:2911,0
DA:2914,0
DA:2923,0
DA:2931,0
DA:2936,0
DA:2939,0
DA:2941,0
DA:2942,0
DA:2943,0
DA:2947,0
DA:2948,0
DA:2951,0
DA:2956,7
DA:2966,7
DA:2971,7
DA:2973,7
DA:2974,0
DA:2976,0
DA:2980,7
DA:2986,7
DA:2991,7
DA:2995,7
DA:2998,7
DA:3000,7
DA:3002,0
DA:3006,7
DA:3008,7
DA:3009,0
DA:3020,7
DA:3022,7
DA:3025,7
DA:3026,0
DA:3027,0
DA:3030,7
DA:3032,7
DA:3033,0
DA:3035,7
DA:3036,0
DA:3038,7
DA:3047,7
DA:3049,7
DA:3050,0
DA:3052,0
DA:3054,7
DA:3056,7
DA:3058,7
DA:3061,7
DA:3064,7
DA:3068,7
DA:3074,38
DA:3082,38
DA:3090,38
DA:3092,38
DA:3093,0
DA:3095,0
DA:3099,38
DA:3104,38
DA:3109,38
DA:3113,38
DA:3116,38
DA:3118,38
DA:3119,0
DA:3124,38
DA:3126,38
DA:3127,0
DA:3138,38
DA:3140,38
DA:3143,38
DA:3144,0
DA:3145,0
DA:3148,38
DA:3150,38
DA:3153,38
DA:3154,0
DA:3160,0
DA:3164,38
DA:3165,38
DA:3168,0
DA:3175,38
DA:3176,38
DA:3179,0
DA:3185,38
DA:3188,38
DA:3189,38
DA:3196,38
DA:3197,0
DA:3200,0
DA:3203,38
DA:3205,38
DA:3208,38
DA:3209,38
DA:3212,38
DA:3213,0
DA:3215,38
DA:3218,38
DA:3220,33
DA:3221,33
DA:3222,33
DA:3226,5
DA:3229,38
DA:3231,0
DA:3232,0
DA:3233,0
DA:3236,0
DA:3238,0
DA:3239,0
DA:3240,0
DA:3243,0
DA:3244,0
DA:3245,0
DA:3248,0
DA:3249,0
DA:3250,0
DA:3255,0
DA:3256,0
DA:3257,0
DA:3258,0
DA:3259,0
DA:3261,0
DA:3263,0
DA:3266,38
DA:3267,38
DA:3269,38
DA:3270,0
DA:3274,0
DA:3282,6
DA:3294,6
DA:3296,6
DA:3297,0
DA:3300,0
DA:3303,6
DA:3310,6
DA:3312,6
DA:3315,6
DA:3319,6
DA:3324,6
DA:3328,6
DA:3329,0
DA:3331,6
DA:3332,0
DA:3334,0
DA:3336,0
DA:3340,0
DA:3342,0
DA:3343,0
DA:3345,0
DA:3351,6
DA:3355,0
DA:3357,0
DA:3359,0
DA:3362,6
DA:3368,6
DA:3372,6
DA:3380,37
DA:3389,37
DA:3391,37
DA:3392,0
DA:3396,0
DA:3399,37
DA:3406,37
DA:3409,37
DA:3416,37
DA:3418,37
DA:3419,0
DA:3424,0
DA:3427,37
DA:3435,37
DA:3436,0
DA:3441,37
DA:3446,37
DA:3447,0
DA:3458,5810
DA:3466,5810
DA:3468,5810
DA:3469,0
DA:3470,0
DA:3524,5810
DA:3525,5810
DA:3526,5810
DA:3530,5810
DA:3531,0
DA:3539,0
DA:3541,0
DA:3549,0
DA:3552,0
DA:3561,0
DA:3568,0
DA:3569,5810
DA:3572,5810
DA:3573,5810
DA:3576,5810
DA:3579,5810
DA:3580,0
DA:3581,0
DA:3589,0
DA:3595,5810
DA:3596,0
DA:3600,0
DA:3611,0
DA:3614,0
DA:3627,0
DA:3629,0
DA:3630,0
DA:3633,0
DA:3636,0
DA:3638,0
DA:3643,0
DA:3650,0
DA:3652,0
DA:3657,0
DA:3661,0
DA:3662,0
DA:3664,0
DA:3665,0
DA:3667,0
DA:3668,0
DA:3669,0
DA:3671,0
DA:3672,0
DA:3675,0
DA:3676,0
DA:3679,0
DA:3680,0
DA:3690,0
DA:3698,0
DA:3700,0
DA:3701,0
DA:3702,0
DA:3707,0
DA:3715,0
DA:3718,0
DA:3720,0
DA:3723,0
DA:3730,0
DA:3732,0
DA:3733,0
DA:3735,0
DA:3740,0
DA:3748,0
DA:3750,0
DA:3753,2
DA:3762,2
DA:3764,2
DA:3765,0
DA:3766,0
DA:3769,2
DA:3770,0
DA:3771,0
DA:3782,4
DA:3794,4
DA:3795,4
DA:3797,0
DA:3799,4
DA:3801,4
DA:3802,0
DA:3804,4
DA:3805,2
DA:3806,2
DA:3857,10
DA:3865,10
DA:3866,0
DA:3867,0
DA:3870,10
DA:3872,10
DA:3873,0
DA:3874,0
DA:3877,10
DA:3879,0
DA:3885,10
DA:3887,10
DA:3888,0
DA:3889,0
DA:3891,10
DA:3892,10
DA:3893,10
DA:3894,10
DA:3896,10
DA:3897,0
DA:3898,0
DA:3941,10
DA:3945,10
DA:3949,5
DA:3951,5
DA:3953,5
DA:3955,5
DA:3956,0
DA:3957,0
DA:3961,5
DA:3965,5
DA:3967,3
DA:3968,3
DA:3973,3
DA:3974,3
DA:3977,5
DA:3984,5
DA:3988,5
DA:3989,5
DA:3991,5
LF:1143
LH:605
end_of_record
TN:
SF:/home/runner/work/dlt-daemon/dlt-daemon/src/daemon/dlt_daemon_client.c
FN:103,dlt_daemon_client_send_all_multiple
FN:163,dlt_daemon_client_send
FN:315,dlt_daemon_client_send_message_to_all_client
FN:389,dlt_daemon_client_send_control_message
FN:473,dlt_daemon_client_process_control
FN:735,dlt_daemon_control_get_software_version
FN:796,dlt_daemon_control_get_default_log_level
FN:851,dlt_daemon_control_get_log_info
FN:1219,dlt_daemon_control_message_buffer_overflow
FN:1280,dlt_daemon_control_service_response
FN:1326,dlt_daemon_control_message_unregister_context
FN:1381,dlt_daemon_control_message_connection_info
FN:1434,dlt_daemon_control_message_timezone
FN:1489,dlt_daemon_control_message_marker
FN:1535,dlt_daemon_control_callsw_cinjection
FN:1660,dlt_daemon_send_log_level
FN:1686,dlt_daemon_find_multiple_context_and_send_log_level
FN:1734,dlt_daemon_control_set_log_level
FN:1833,dlt_daemon_send_trace_status
FN:1859,dlt_daemon_find_multiple_context_and_send_trace_status
FN:1907,dlt_daemon_control_set_trace_status
FN:2005,dlt_daemon_control_set_default_log_level
FN:2042,dlt_daemon_control_set_all_log_level
FN:2083,dlt_daemon_control_set_default_trace_status
FN:2121,dlt_daemon_control_set_all_trace_status
FN:2161,dlt_daemon_control_set_timing_packets
FN:2190,dlt_daemon_control_message_time
FN:2264,dlt_daemon_process_one_s_timer
FN:2309,dlt_daemon_process_sixty_s_timer
FN:2400,dlt_daemon_process_systemd_timer
FN:2416,dlt_daemon_control_service_logstorage
FN:2653,dlt_daemon_control_passive_node_connect
FN:2710,dlt_daemon_control_passive_node_connect_status
FNDA:0,dlt_daemon_control_get_default_log_level
FNDA:0,dlt_daemon_process_sixty_s_timer
FNDA:0,dlt_daemon_control_set_timing_packets
FNDA:0,dlt_daemon_send_trace_status
FNDA:3,dlt_daemon_control_get_log_info
FNDA:0,dlt_daemon_control_set_default_trace_status
FNDA:0,dlt_daemon_control_set_trace_status
FNDA:0,dlt_daemon_control_message_timezone
FNDA:0,dlt_daemon_control_callsw_cinjection
FNDA:9,dlt_daemon_control_message_connection_info
FNDA:2,dlt_daemon_control_service_logstorage
FNDA:0,dlt_daemon_find_multiple_context_and_send_log_level
FNDA:0,dlt_daemon_control_set_log_level
FNDA:2,dlt_daemon_control_service_response
FNDA:0,dlt_daemon_control_set_all_log_level
FNDA:1,dlt_daemon_control_get_software_version
FNDA:15,dlt_daemon_client_send_control_message
FNDA:0,dlt_daemon_control_message_time
FNDA:0,dlt_daemon_control_set_all_trace_status
FNDA:0,dlt_daemon_control_message_marker
FNDA:0,dlt_daemon_find_multiple_context_and_send_trace_status
FNDA:11,dlt_daemon_process_one_s_timer
FNDA:5880,dlt_daemon_client_send
FNDA:214,dlt_daemon_client_send_all_multiple
FNDA:0,dlt_daemon_control_message_buffer_overflow
FNDA:0,dlt_daemon_control_message_unregister_context
FNDA:0,dlt_daemon_control_passive_node_connect
FNDA:6,dlt_daemon_client_process_control
FNDA:0,dlt_daemon_process_systemd_timer
FNDA:0,dlt_daemon_control_passive_node_connect_status
FNDA:0,dlt_daemon_control_set_default_log_level
FNDA:5810,dlt_daemon_client_send_message_to_all_client
FNDA:0,dlt_daemon_send_log_level
FNF:33
FNH:11
DA:80,0
DA:103,214
DA:118,214
DA:120,214
DA:121,0
DA:122,0
DA:125,1286
DA:127,1072
DA:128,1072
DA:130,1072
DA:131,1072
DA:132,856
DA:133,856
DA:136,216
DA:143,216
DA:144,0
DA:145,0
DA:151,216
DA:152,0
DA:163,5880
DA:178,5880
DA:179,0
DA:180,0
DA:183,5880
DA:185,10
DA:186,0
DA:187,0
DA:188,0
DA:189,0
DA:190,0
DA:193,10
DA:194,10
DA:195,10
DA:196,0
DA:197,0
DA:201,10
DA:208,5870
DA:209,5866
DA:210,0
DA:211,0
DA:215,0
DA:216,0
DA:217,0
DA:227,5866
DA:228,5840
DA:239,5870
DA:254,5870
DA:256,415
DA:257,214
DA:265,214
DA:273,5870
DA:274,5866
DA:276,5455
DA:278,5455
DA:279,5455
DA:280,0
DA:283,5455
DA:284,0
DA:285,0
DA:286,0
DA:288,0
DA:291,415
DA:292,0
DA:293,0
DA:294,0
DA:295,0
DA:298,0
DA:300,0
DA:304,0
DA:305,0
DA:315,5810
DA:322,5810
DA:324,5810
DA:325,0
DA:326,0
DA:330,5810
DA:331,0
DA:334,0
DA:337,0
DA:338,0
DA:340,0
DA:344,0
DA:345,0
DA:349,5810
DA:350,5810
DA:352,0
DA:355,5810
DA:356,0
DA:358,0
DA:359,0
DA:363,5810
DA:364,0
DA:365,0
DA:367,0
DA:368,5810
DA:369,0
DA:370,0
DA:372,0
DA:373,5810
DA:374,0
DA:375,0
DA:377,0
DA:381,5810
DA:382,5810
DA:384,5810
DA:385,5810
DA:389,15
DA:400,15
DA:402,15
DA:406,15
DA:408,15
DA:412,15
DA:413,15
DA:419,15
DA:422,15
DA:426,15
DA:428,15
DA:431,15
DA:432,15
DA:433,15
DA:434,15
DA:436,15
DA:438,15
DA:439,15
DA:441,0
DA:443,15
DA:444,15
DA:446,0
DA:449,15
DA:450,15
DA:452,15
DA:454,15
DA:455,0
DA:456,0
DA:459,15
DA:461,15
DA:462,15
DA:464,15
DA:465,15
DA:466,0
DA:467,0
DA:473,6
DA:482,6
DA:484,6
DA:487,6
DA:490,6
DA:493,6
DA:494,0
DA:495,0
DA:502,6
DA:503,6
DA:505,6
DA:507,6
DA:508,0
DA:510,0
DA:511,0
DA:513,0
DA:515,0
DA:516,0
DA:518,3
DA:520,3
DA:521,3
DA:523,0
DA:525,0
DA:526,0
DA:528,0
DA:530,0
DA:531,0
DA:532,0
DA:537,0
DA:544,0
DA:553,0
DA:559,0
DA:561,0
DA:562,0
DA:563,0
DA:568,0
DA:569,0
DA:571,0
DA:573,0
DA:579,0
DA:581,0
DA:583,0
DA:589,0
DA:591,0
DA:593,0
DA:599,0
DA:601,0
DA:603,0
DA:609,0
DA:611,0
DA:613,0
DA:614,0
DA:616,0
DA:619,0
DA:620,0
DA:622,0
DA:624,0
DA:630,0
DA:632,0
DA:634,0
DA:640,0
DA:642,0
DA:644,0
DA:650,0
DA:652,0
DA:654,0
DA:660,0
DA:662,0
DA:664,0
DA:665,0
DA:667,0
DA:669,0
DA:670,0
DA:672,1
DA:674,1
DA:675,1
DA:677,0
DA:679,0
DA:681,0
DA:683,2
DA:685,2
DA:686,2
DA:688,0
DA:690,0
DA:695,0
DA:697,0
DA:699,0
DA:703,0
DA:705,0
DA:707,0
DA:708,0
DA:710,0
DA:712,0
DA:713,0
DA:715,0
DA:717,0
DA:723,0
DA:729,0
DA:735,1
DA:741,1
DA:743,1
DA:744,0
DA:747,1
DA:748,0
DA:754,0
DA:758,1
DA:761,1
DA:763,1
DA:764,0
DA:765,0
DA:768,1
DA:769,1
DA:770,1
DA:773,1
DA:774,0
DA:780,0
DA:784,1
DA:785,1
DA:786,1
DA:787,1
DA:790,1
DA:793,1
DA:796,0
DA:801,0
DA:803,0
DA:804,0
DA:807,0
DA:808,0
DA:814,0
DA:817,0
DA:819,0
DA:820,0
DA:821,0
DA:824,0
DA:825,0
DA:826,0
DA:829,0
DA:830,0
DA:836,0
DA:840,0
DA:841,0
DA:842,0
DA:845,0
DA:848,0
DA:851,3
DA:863,3
DA:882,3
DA:884,3
DA:885,0
DA:887,3
DA:890,3
DA:892,3
DA:896,3
DA:899,3
DA:900,0
DA:906,0
DA:910,3
DA:911,0
DA:917,0
DA:920,3
DA:921,0
DA:922,0
DA:926,0
DA:929,0
DA:930,0
DA:932,0
DA:936,0
DA:939,0
DA:949,3
DA:950,3
DA:961,3
DA:965,3
DA:966,3
DA:968,3
DA:969,3
DA:971,3
DA:974,3
DA:975,3
DA:976,0
DA:979,0
DA:980,0
DA:982,0
DA:983,0
DA:988,0
DA:992,0
DA:993,0
DA:996,0
DA:998,0
DA:1000,0
DA:1001,0
DA:1003,0
DA:1004,0
DA:1010,0
DA:1011,0
DA:1013,0
DA:1014,0
DA:1019,3
DA:1020,0
DA:1022,0
DA:1023,0
DA:1024,0
DA:1027,3
DA:1028,0
DA:1030,0
DA:1031,0
DA:1036,3
DA:1037,0
DA:1042,3
DA:1043,3
DA:1045,3
DA:1046,0
DA:1052,0
DA:1059,3
DA:1063,3
DA:1065,3
DA:1068,3
DA:1070,3
DA:1071,0
DA:1078,0
DA:1079,0
DA:1080,0
DA:1083,0
DA:1084,0
DA:1090,0
DA:1095,0
DA:1099,0
DA:1100,0
DA:1102,0
DA:1103,0
DA:1110,0
DA:1111,0
DA:1113,0
DA:1115,0
DA:1116,0
DA:1122,0
DA:1127,0
DA:1128,0
DA:1129,0
DA:1134,0
DA:1135,0
DA:1136,0
DA:1138,0
DA:1139,0
DA:1147,0
DA:1148,0
DA:1149,0
DA:1150,0
DA:1154,0
DA:1155,0
DA:1156,0
DA:1157,0
DA:1161,0
DA:1162,0
DA:1163,0
DA:1164,0
DA:1165,0
DA:1166,0
DA:1167,0
DA:1168,0
DA:1171,0
DA:1172,0
DA:1173,0
DA:1189,0
DA:1190,0
DA:1191,0
DA:1192,0
DA:1193,0
DA:1194,0
DA:1195,0
DA:1196,0
DA:1199,0
DA:1200,0
DA:1201,0
DA:1210,3
DA:1213,3
DA:1216,3
DA:1219,0
DA:1230,0
DA:1232,0
DA:1236,0
DA:1237,0
DA:1243,0
DA:1247,0
DA:1249,0
DA:1250,0
DA:1251,0
DA:1254,0
DA:1255,0
DA:1256,0
DA:1259,0
DA:1263,0
DA:1264,0
DA:1265,0
DA:1266,0
DA:1269,0
DA:1270,0
DA:1271,0
DA:1275,0
DA:1277,0
DA:1280,2
DA:1290,2
DA:1292,2
DA:1293,0
DA:1296,2
DA:1300,2
DA:1302,2
DA:1303,0
DA:1304,0
DA:1307,2
DA:1308,2
DA:1309,2
DA:1312,2
DA:1316,2
DA:1317,2
DA:1320,2
DA:1323,2
DA:1326,0
DA:1337,0
DA:1339,0
DA:1343,0
DA:1347,0
DA:1349,0
DA:1350,0
DA:1351,0
DA:1354,0
DA:1355,0
DA:1356,0
DA:1359,0
DA:1363,0
DA:1364,0
DA:1365,0
DA:1366,0
DA:1367,0
DA:1370,0
DA:1371,0
DA:1372,0
DA:1376,0
DA:1378,0
DA:1381,9
DA:1391,9
DA:1393,9
DA:1397,9
DA:1401,9
DA:1403,9
DA:1404,0
DA:1405,0
DA:1408,9
DA:1409,9
DA:1410,9
DA:1413,9
DA:1417,9
DA:1418,9
DA:1419,9
DA:1420,9
DA:1423,9
DA:1424,0
DA:1425,0
DA:1429,9
DA:1431,9
DA:1434,0
DA:1439,0
DA:1441,0
DA:1445,0
DA:1449,0
DA:1451,0
DA:1452,0
DA:1453,0
DA:1456,0
DA:1457,0
DA:1458,0
DA:1461,0
DA:1465,0
DA:1466,0
DA:1468,0
DA:1470,0
DA:1471,0
DA:1473,0
DA:1475,0
DA:1478,0
DA:1479,0
DA:1480,0
DA:1484,0
DA:1486,0
DA:1489,0
DA:1494,0
DA:1496,0
DA:1500,0
DA:1504,0
DA:1506,0
DA:1507,0
DA:1508,0
DA:1511,0
DA:1512,0
DA:1513,0
DA:1516,0
DA:1520,0
DA:1521,0
DA:1524,0
DA:1525,0
DA:1526,0
DA:1530,0
DA:1532,0
DA:1535,0
DA:1554,0
DA:1556,0
DA:1557,0
DA:1559,0
DA:1562,0
DA:1563,0
DA:1566,0
DA:1567,0
DA:1568,0
DA:1572,0
DA:1577,0
DA:1578,0
DA:1582,0
DA:1583,0
DA:1584,0
DA:1588,0
DA:1589,0
DA:1593,0
DA:1596,0
DA:1599,0
DA:1601,0
DA:1602,0
DA:1606,0
DA:1607,0
DA:1608,0
DA:1611,0
DA:1613,0
DA:1614,0
DA:1615,0
DA:1618,0
DA:1620,0
DA:1621,0
DA:1622,0
DA:1625,0
DA:1626,0
DA:1632,0
DA:1636,0
DA:1637,0
DA:1639,0
DA:1640,0
DA:1643,0
DA:1646,0
DA:1649,0
DA:1655,0
DA:1660,0
DA:1667,0
DA:1672,0
DA:1673,0
DA:1675,0
DA:1676,0
DA:1677,0
DA:1680,0
DA:1681,0
DA:1682,0
DA:1684,0
DA:1686,0
DA:1695,0
DA:1699,0
DA:1703,0
DA:1704,0
DA:1705,0
DA:1708,0
DA:1710,0
DA:1713,0
DA:1714,0
DA:1716,0
DA:1717,0
DA:1718,0
DA:1720,0
DA:1722,0
DA:1724,0
DA:1725,0
DA:1726,0
DA:1729,0
DA:1734,0
DA:1740,0
DA:1742,0
DA:1743,0
DA:1749,0
DA:1750,0
DA:1752,0
DA:1755,0
DA:1757,0
DA:1758,0
DA:1760,0
DA:1761,0
DA:1762,0
DA:1763,0
DA:1765,0
DA:1766,0
DA:1771,0
DA:1772,0
DA:1775,0
DA:1777,0
DA:1782,0
DA:1783,0
DA:1786,0
DA:1788,0
DA:1794,0
DA:1797,0
DA:1799,0
DA:1805,0
DA:1809,0
DA:1812,0
DA:1816,0
DA:1817,0
DA:1820,0
DA:1822,0
DA:1833,0
DA:1840,0
DA:1845,0
DA:1846,0
DA:1848,0
DA:1849,0
DA:1850,0
DA:1853,0
DA:1854,0
DA:1855,0
DA:1857,0
DA:1859,0
DA:1868,0
DA:1872,0
DA:1876,0
DA:1877,0
DA:1878,0
DA:1881,0
DA:1883,0
DA:1886,0
DA:1887,0
DA:1889,0
DA:1890,0
DA:1891,0
DA:1893,0
DA:1895,0
DA:1897,0
DA:1898,0
DA:1899,0
DA:1902,0
DA:1907,0
DA:1913,0
DA:1915,0
DA:1916,0
DA:1922,0
DA:1923,0
DA:1925,0
DA:1928,0
DA:1930,0
DA:1931,0
DA:1933,0
DA:1934,0
DA:1935,0
DA:1936,0
DA:1938,0
DA:1939,0
DA:1944,0
DA:1945,0
DA:1948,0
DA:1951,0
DA:1956,0
DA:1957,0
DA:1960,0
DA:1962,0
DA:1968,0
DA:1971,0
DA:1973,0
DA:1979,0
DA:1983,0
DA:1986,0
DA:1987,0
DA:1990,0
DA:1992,0
DA:1995,0
DA:2005,0
DA:2011,0
DA:2016,0
DA:2019,0
DA:2022,0
DA:2025,0
DA:2026,0
DA:2027,0
DA:2028,0
DA:2030,0
DA:2033,0
DA:2035,0
DA:2038,0
DA:2042,0
DA:2048,0
DA:2054,0
DA:2055,0
DA:2056,0
DA:2059,0
DA:2062,0
DA:2065,0
DA:2066,0
DA:2069,0
DA:2072,0
DA:2076,0
DA:2079,0
DA:2083,0
DA:2089,0
DA:2095,0
DA:2098,0
DA:2101,0
DA:2104,0
DA:2106,0
DA:2107,0
DA:2109,0
DA:2112,0
DA:2114,0
DA:2117,0
DA:2121,0
DA:2127,0
DA:2133,0
DA:2134,0
DA:2135,0
DA:2138,0
DA:2141,0
DA:2144,0
DA:2145,0
DA:2146,0
DA:2147,0
DA:2149,0
DA:2152,0
DA:2154,0
DA:2157,0
DA:2161,0
DA:2167,0
DA:2172,0
DA:2175,0
DA:2178,0
DA:2180,0
DA:2181,0
DA:2183,0
DA:2186,0
DA:2190,0
DA:2195,0
DA:2197,0
DA:2198,0
DA:2201,0
DA:2207,0
DA:2208,0
DA:2211,0
DA:2212,0
DA:2218,0
DA:2221,0
DA:2222,0
DA:2224,0
DA:2227,0
DA:2228,0
DA:2229,0
DA:2230,0
DA:2232,0
DA:2233,0
DA:2234,0
DA:2237,0
DA:2238,0
DA:2240,0
DA:2242,0
DA:2243,0
DA:2246,0
DA:2248,0
DA:2251,0
DA:2254,0
DA:2258,0
DA:2261,0
DA:2264,11
DA:2269,11
DA:2272,11
DA:2274,11
DA:2275,0
DA:2276,0
DA:2279,11
DA:2281,11
DA:2282,0
DA:2283,0
DA:2288,11
DA:2290,0
DA:2293,0
DA:2297,11
DA:2298,0
DA:2299,0
DA:2304,11
DA:2306,11
DA:2309,0
DA:2314,0
DA:2317,0
DA:2319,0
DA:2320,0
DA:2321,0
DA:2324,0
DA:2326,0
DA:2327,0
DA:2328,0
DA:2333,0
DA:2334,0
DA:2339,0
DA:2341,0
DA:2346,0
DA:2347,0
DA:2349,0
DA:2355,0
DA:2357,0
DA:2400,0
DA:2410,0
DA:2412,0
DA:2416,2
DA:2431,2
DA:2434,2
DA:2437,2
DA:2439,2
DA:2440,0
DA:2443,0
DA:2446,2
DA:2447,0
DA:2454,0
DA:2456,0
DA:2459,2
DA:2462,2
DA:2464,2
DA:2465,0
DA:2466,0
DA:2467,0
DA:2468,0
DA:2475,0
DA:2478,0
DA:2482,4
DA:2483,2
DA:2486,2
DA:2487,0
DA:2489,0
DA:2491,0
DA:2492,0
DA:2498,0
DA:2500,0
DA:2502,0
DA:2506,0
DA:2507,0
DA:2508,0
DA:2509,0
DA:2514,2
DA:2515,2
DA:2516,0
DA:2520,2
DA:2521,2
DA:2525,0
DA:2526,0
DA:2532,0
DA:2533,0
DA:2537,2
DA:2539,2
DA:2540,0
DA:2542,0
DA:2543,0
DA:2549,0
DA:2551,0
DA:2553,0
DA:2559,0
DA:2562,0
DA:2570,0
DA:2572,0
DA:2576,0
DA:2583,2
DA:2586,0
DA:2593,0
DA:2596,0
DA:2605,2
DA:2609,2
DA:2611,4
DA:2612,2
DA:2614,2
DA:2617,2
DA:2622,0
DA:2624,0
DA:2628,2
DA:2629,2
DA:2636,0
DA:2644,0
DA:2653,0
DA:2659,0
DA:2664,0
DA:2665,0
DA:2669,0
DA:2670,0
DA:2674,0
DA:2682,0
DA:2685,0
DA:2688,0
DA:2690,0
DA:2692,0
DA:2693,0
DA:2695,0
DA:2702,0
DA:2710,0
DA:2720,0
DA:2722,0
DA:2723,0
DA:2725,0
DA:2729,0
DA:2730,0
DA:2734,0
DA:2742,0
DA:2746,0
DA:2748,0
DA:2749,0
DA:2751,0
DA:2752,0
DA:2754,0
DA:2755,0
DA:2756,0
DA:2759,0
DA:2762,0
DA:2764,0
DA:2766,0
DA:2768,0
DA:2769,0
DA:2770,0
DA:2772,0
DA:2775,0
DA:2777,0
DA:2778,0
DA:2781,0
DA:2789,0
LF:966
LH:219
end_of_record
TN:
SF:/home/runner/work/dlt-daemon/dlt-daemon/src/daemon/dlt_daemon_common.c
FN:91,dlt_daemon_cmp_apid
FN:102,dlt_daemon_cmp_apid_ctid
FN:123,dlt_daemon_find_users_list
FN:229,dlt_daemon_init_runtime_configuration
FN:286,dlt_daemon_init
FN:338,dlt_daemon_free
FN:376,dlt_daemon_init_user_information
FN:422,dlt_daemon_applications_invalidate_fd
FN:448,dlt_daemon_applications_clear
FN:484,dlt_daemon_application_reset_user_handle
FN:511,dlt_daemon_application_add
FN:679,dlt_daemon_application_del
FN:724,dlt_daemon_application_find
FN:758,dlt_daemon_applications_load
FN:850,dlt_daemon_applications_save
FN:899,dlt_daemon_context_add
FN:1118,dlt_daemon_context_del
FN:1171,dlt_daemon_context_find
FN:1208,dlt_daemon_contexts_invalidate_fd
FN:1234,dlt_daemon_contexts_clear
FN:1268,dlt_daemon_contexts_load
FN:1378,dlt_daemon_contexts_save
FN:1432,dlt_daemon_configuration_save
FN:1453,dlt_daemon_configuration_load
FN:1520,dlt_daemon_user_send_log_level
FN:1581,dlt_daemon_user_send_log_state
FN:1610,dlt_daemon_control_reset_to_factory_default
FN:1666,dlt_daemon_user_send_default_update
FN:1700,dlt_daemon_user_send_all_log_level_update
FN:1756,dlt_daemon_user_send_all_trace_status_update
FN:1792,dlt_daemon_user_send_all_log_state
FN:1821,dlt_daemon_change_state
FNDA:18,dlt_daemon_init_user_information
FNDA:41,dlt_daemon_context_add
FNDA:10,dlt_daemon_applications_clear
FNDA:0,dlt_daemon_user_send_default_update
FNDA:0,dlt_daemon_user_send_all_log_level_update
FNDA:149,dlt_daemon_application_find
FNDA:9,dlt_daemon_free
FNDA:15,dlt_daemon_applications_invalidate_fd
FNDA:5,dlt_daemon_user_send_all_log_state
FNDA:41,dlt_daemon_user_send_log_level
FNDA:0,dlt_daemon_user_send_all_trace_status_update
FNDA:10,dlt_daemon_application_add
FNDA:0,dlt_daemon_configuration_save
FNDA:15,dlt_daemon_contexts_invalidate_fd
FNDA:0,dlt_daemon_control_reset_to_factory_default
FNDA:6,dlt_daemon_application_del
FNDA:15,dlt_daemon_application_reset_user_handle
FNDA:9,dlt_daemon_init_runtime_configuration
FNDA:156,dlt_daemon_context_find
FNDA:9,dlt_daemon_applications_load
FNDA:10,dlt_daemon_contexts_clear
FNDA:17,dlt_daemon_init
FNDA:471,dlt_daemon_cmp_apid_ctid
FNDA:9,dlt_daemon_user_send_log_state
FNDA:0,dlt_daemon_applications_save
FNDA:9,dlt_daemon_configuration_load
FNDA:0,dlt_daemon_contexts_load
FNDA:472,dlt_daemon_find_users_list
FNDA:0,dlt_daemon_cmp_apid
FNDA:16,dlt_daemon_change_state
FNDA:0,dlt_daemon_contexts_save
FNDA:37,dlt_daemon_context_del
FNF:32
FNH:23
DA:91,0
DA:93,132
DA:99,132
DA:102,471
DA:104,471
DA:111,471
DA:113,471
DA:115,471
DA:116,471
DA:123,472
DA:127,472
DA:131,472
DA:132,0
DA:133,0
DA:136,474
DA:137,442
DA:138,440
DA:140,32
DA:141,32
DA:229,9
DA:231,9
DA:234,9
DA:238,9
DA:240,9
DA:246,9
DA:247,0
DA:248,0
DA:251,9
DA:252,9
DA:255,9
DA:259,9
DA:260,0
DA:261,0
DA:264,9
DA:265,9
DA:268,9
DA:272,9
DA:273,0
DA:274,0
DA:277,9
DA:278,9
DA:281,9
DA:283,9
DA:286,17
DA:296,17
DA:298,17
DA:301,17
DA:302,17
DA:304,17
DA:305,17
DA:306,17
DA:308,17
DA:310,17
DA:312,17
DA:314,17
DA:316,17
DA:317,17
DA:319,17
DA:322,17
DA:325,17
DA:331,17
DA:335,17
DA:338,9
DA:343,9
DA:345,9
DA:349,19
DA:350,10
DA:352,10
DA:354,10
DA:355,10
DA:359,9
DA:367,9
DA:368,9
DA:371,9
DA:373,9
DA:376,18
DA:384,18
DA:386,18
DA:389,18
DA:391,17
DA:393,17
DA:394,0
DA:395,0
DA:398,17
DA:399,17
DA:402,1
DA:405,1
DA:407,1
DA:408,0
DA:409,0
DA:412,1
DA:413,1
DA:415,2
DA:416,1
DA:422,15
DA:430,15
DA:432,15
DA:435,15
DA:437,15
DA:438,26
DA:439,11
DA:440,0
DA:448,10
DA:453,10
DA:455,10
DA:458,10
DA:460,10
DA:463,11
DA:464,1
DA:471,1
DA:472,1
DA:475,10
DA:476,7
DA:478,10
DA:479,10
DA:481,10
DA:484,15
DA:492,15
DA:495,6
DA:496,6
DA:497,6
DA:498,0
DA:499,0
DA:500,0
DA:504,6
DA:505,6
DA:507,6
DA:508,6
DA:511,10
DA:530,10
DA:533,10
DA:535,10
DA:538,10
DA:539,10
DA:540,10
DA:542,10
DA:549,10
DA:551,10
DA:552,10
DA:554,10
DA:555,10
DA:557,0
DA:558,0
DA:559,0
DA:560,0
DA:563,0
DA:564,0
DA:565,0
DA:566,0
DA:569,0
DA:571,0
DA:572,0
DA:576,10
DA:578,10
DA:579,10
DA:580,10
DA:581,10
DA:582,10
DA:583,10
DA:588,0
DA:591,0
DA:599,10
DA:600,0
DA:601,0
DA:604,10
DA:605,10
DA:607,10
DA:608,10
DA:610,0
DA:611,0
DA:612,0
DA:616,10
DA:617,9
DA:618,9
DA:622,10
DA:642,9
DA:643,0
DA:644,0
DA:652,9
DA:653,9
DA:655,9
DA:656,9
DA:657,9
DA:661,10
DA:662,10
DA:663,10
DA:668,10
DA:679,6
DA:687,6
DA:689,6
DA:692,6
DA:694,6
DA:697,6
DA:698,6
DA:701,6
DA:702,6
DA:703,6
DA:706,6
DA:709,6
DA:710,6
DA:711,6
DA:714,6
DA:718,6
DA:724,149
DA:732,149
DA:734,149
DA:735,149
DA:738,149
DA:740,149
DA:744,132
DA:745,132
DA:746,132
DA:750,132
DA:751,132
DA:752,132
DA:753,132
DA:758,9
DA:766,9
DA:768,9
DA:771,9
DA:773,9
DA:774,9
DA:778,9
DA:780,9
DA:783,0
DA:790,0
DA:793,0
DA:794,0
DA:797,0
DA:798,0
DA:799,0
DA:801,0
DA:803,0
DA:804,0
DA:807,0
DA:810,0
DA:811,0
DA:815,0
DA:817,0
DA:819,0
DA:820,0
DA:821,0
DA:823,0
DA:826,0
DA:831,0
DA:833,0
DA:837,0
DA:838,0
DA:845,0
DA:847,0
DA:850,0
DA:858,0
DA:860,0
DA:865,0
DA:867,0
DA:870,0
DA:871,0
DA:873,0
DA:874,0
DA:875,0
DA:877,0
DA:878,0
DA:887,0
DA:890,0
DA:899,41
DA:916,41
DA:918,41
DA:919,41
DA:922,41
DA:925,41
DA:928,41
DA:930,41
DA:933,41
DA:934,10
DA:936,10
DA:941,41
DA:943,41
DA:947,41
DA:949,41
DA:950,41
DA:952,41
DA:953,41
DA:955,0
DA:956,0
DA:957,0
DA:958,0
DA:961,0
DA:962,0
DA:963,0
DA:964,0
DA:967,0
DA:969,0
DA:970,0
DA:974,41
DA:977,41
DA:978,41
DA:980,41
DA:985,41
DA:986,0
DA:987,0
DA:990,41
DA:991,41
DA:993,41
DA:994,41
DA:1028,41
DA:1032,0
DA:1036,0
DA:1039,0
DA:1050,41
DA:1051,0
DA:1052,41
DA:1053,41
DA:1056,41
DA:1057,41
DA:1062,41
DA:1063,0
DA:1065,41
DA:1068,41
DA:1069,41
DA:1070,41
DA:1075,41
DA:1118,37
DA:1127,37
DA:1129,37
DA:1132,37
DA:1134,37
DA:1137,37
DA:1138,37
DA:1144,37
DA:1145,37
DA:1146,37
DA:1149,37
DA:1152,37
DA:1153,37
DA:1154,37
DA:1157,37
DA:1161,37
DA:1164,37
DA:1165,37
DA:1171,156
DA:1180,156
DA:1182,156
DA:1183,156
DA:1186,156
DA:1188,156
DA:1192,112
DA:1193,112
DA:1194,112
DA:1198,112
DA:1199,112
DA:1201,112
DA:1202,112
DA:1203,112
DA:1208,15
DA:1216,15
DA:1218,15
DA:1221,15
DA:1223,15
DA:1224,39
DA:1225,24
DA:1226,0
DA:1234,10
DA:1239,10
DA:1241,10
DA:1244,10
DA:1246,10
DA:1249,11
DA:1250,1
DA:1251,1
DA:1252,1
DA:1255,10
DA:1256,7
DA:1257,7
DA:1260,11
DA:1261,1
DA:1263,10
DA:1265,10
DA:1268,0
DA:1277,0
DA:1279,0
DA:1282,0
DA:1284,0
DA:1285,0
DA:1288,0
DA:1290,0
DA:1293,0
DA:1300,0
DA:1303,0
DA:1304,0
DA:1307,0
DA:1308,0
DA:1309,0
DA:1311,0
DA:1313,0
DA:1314,0
DA:1317,0
DA:1320,0
DA:1321,0
DA:1325,0
DA:1327,0
DA:1329,0
DA:1330,0
DA:1331,0
DA:1333,0
DA:1334,0
DA:1335,0
DA:1337,0
DA:1338,0
DA:1339,0
DA:1341,0
DA:1342,0
DA:1343,0
DA:1345,0
DA:1349,0
DA:1352,0
DA:1353,0
DA:1357,0
DA:1359,0
DA:1362,0
DA:1363,0
DA:1373,0
DA:1375,0
DA:1378,0
DA:1386,0
DA:1388,0
DA:1391,0
DA:1393,0
DA:1399,0
DA:1400,0
DA:1402,0
DA:1403,0
DA:1404,0
DA:1405,0
DA:1407,0
DA:1408,0
DA:1409,0
DA:1410,0
DA:1411,0
DA:1414,0
DA:1415,0
DA:1416,0
DA:1419,0
DA:1422,0
DA:1432,0
DA:1436,0
DA:1438,0
DA:1441,0
DA:1443,0
DA:1445,0
DA:1447,0
DA:1453,9
DA:1455,9
DA:1464,9
DA:1466,9
DA:1468,9
DA:1471,18
DA:1472,9
DA:1473,9
DA:1474,9
DA:1476,18
DA:1477,9
DA:1480,9
DA:1482,9
DA:1486,0
DA:1487,0
DA:1490,9
DA:1493,9
DA:1495,0
DA:1496,0
DA:1497,0
DA:1501,0
DA:1511,9
DA:1514,0
DA:1520,41
DA:1527,41
DA:1529,41
DA:1530,0
DA:1531,0
DA:1534,41
DA:1535,0
DA:1536,0
DA:1539,41
DA:1540,34
DA:1541,32
DA:1544,9
DA:1545,9
DA:1547,41
DA:1548,41
DA:1550,41
DA:1552,41
DA:1553,41
DA:1554,41
DA:1555,41
DA:1556,41
DA:1561,41
DA:1562,41
DA:1566,41
DA:1567,0
DA:1569,0
DA:1571,0
DA:1572,0
DA:1573,0
DA:1574,0
DA:1578,41
DA:1581,9
DA:1587,9
DA:1589,9
DA:1592,9
DA:1595,9
DA:1598,9
DA:1602,9
DA:1603,0
DA:1604,0
DA:1607,9
DA:1610,0
DA:1620,0
DA:1622,0
DA:1623,0
DA:1624,0
DA:1627,0
DA:1628,0
DA:1629,0
DA:1633,0
DA:1635,0
DA:1637,0
DA:1638,0
DA:1639,0
DA:1640,0
DA:1644,0
DA:1646,0
DA:1648,0
DA:1649,0
DA:1650,0
DA:1651,0
DA:1655,0
DA:1656,0
DA:1657,0
DA:1663,0
DA:1666,0
DA:1672,0
DA:1674,0
DA:1675,0
DA:1676,0
DA:1679,0
DA:1681,0
DA:1684,0
DA:1685,0
DA:1687,0
DA:1688,0
DA:1689,0
DA:1690,0
DA:1691,0
DA:1694,0
DA:1700,0
DA:1710,0
DA:1712,0
DA:1715,0
DA:1717,0
DA:1720,0
DA:1721,0
DA:1723,0
DA:1724,0
DA:1725,0
DA:1727,0
DA:1738,0
DA:1739,0
DA:1743,0
DA:1746,0
DA:1748,0
DA:1749,0
DA:1750,0
DA:1756,0
DA:1762,0
DA:1764,0
DA:1767,0
DA:1769,0
DA:1772,0
DA:1774,0
DA:1775,0
DA:1777,0
DA:1778,0
DA:1779,0
DA:1781,0
DA:1782,0
DA:1784,0
DA:1785,0
DA:1786,0
DA:1792,5
DA:1798,5
DA:1800,5
DA:1801,0
DA:1802,0
DA:1805,5
DA:1807,5
DA:1810,7
DA:1811,2
DA:1813,2
DA:1814,2
DA:1815,2
DA:1816,0
DA:1821,16
DA:1823,16
DA:1824,0
DA:1825,0
DA:1826,0
DA:1827,0
DA:1828,12
DA:1829,12
DA:1830,12
DA:1831,12
DA:1832,0
DA:1833,0
DA:1834,0
DA:1835,0
DA:1836,2
DA:1837,2
DA:1838,2
DA:1839,2
DA:1840,2
DA:1841,2
DA:1842,2
DA:1843,2
DA:1845,16
LF:623
LH:351
end_of_record
TN:
SF:/home/runner/work/dlt-daemon/dlt-daemon/src/daemon/dlt_daemon_connection.c
FN:68,dlt_connection_send
FN:110,dlt_connection_send_multiple
FN:148,dlt_connection_get_next
FN:156,dlt_connection_destroy_receiver
FN:192,dlt_connection_get_receiver
FN:279,dlt_connection_get_callback
FN:344,dlt_connection_destroy
FN:367,dlt_connection_create
FNDA:219,dlt_connection_send_multiple
FNDA:48,dlt_connection_destroy
FNDA:1318,dlt_connection_get_callback
FNDA:47,dlt_connection_create
FNDA:48,dlt_connection_get_receiver
FNDA:2,dlt_connection_get_next
FNDA:49,dlt_connection_destroy_receiver
FNDA:436,dlt_connection_send
FNF:8
FNH:8
DA:68,436
DA:75,436
DA:76,436
DA:78,436
DA:79,1
DA:81,1
DA:82,1
DA:86,434
DA:87,434
DA:90,434
DA:110,219
DA:119,219
DA:122,218
DA:123,1
DA:127,218
DA:128,218
DA:130,218
DA:131,214
DA:148,2
DA:150,3
DA:151,1
DA:153,2
DA:156,49
DA:158,49
DA:161,49
DA:165,9
DA:166,9
DA:167,9
DA:168,9
DA:169,9
DA:170,36
DA:171,36
DA:172,36
DA:173,36
DA:174,36
DA:192,48
DA:200,48
DA:201,25
DA:208,25
DA:210,25
DA:211,25
DA:214,1
DA:215,1
DA:217,1
DA:218,1
DA:221,9
DA:222,9
DA:226,9
DA:227,9
DA:230,0
DA:234,9
DA:235,9
DA:242,10
DA:251,10
DA:253,10
DA:254,10
DA:257,3
DA:259,3
DA:260,3
DA:265,48
DA:279,1318
DA:284,1318
DA:285,1318
DA:287,1318
DA:291,6
DA:293,6
DA:294,0
DA:296,0
DA:302,1288
DA:304,1288
DA:305,11
DA:307,11
DA:308,0
DA:310,0
DA:316,2
DA:318,2
DA:319,4
DA:321,4
DA:322,3
DA:324,3
DA:325,0
DA:327,0
DA:328,0
DA:332,1318
DA:344,48
DA:346,48
DA:347,48
DA:348,48
DA:349,48
DA:350,48
DA:367,47
DA:375,47
DA:379,47
DA:387,47
DA:389,47
DA:390,0
DA:391,0
DA:396,47
DA:398,47
DA:399,0
DA:401,0
DA:402,0
DA:406,47
DA:407,47
DA:416,47
DA:417,20
DA:420,20
DA:421,1
DA:422,1
DA:427,46
DA:429,46
DA:431,10
DA:433,46
DA:434,46
DA:439,46
LF:115
LH:102
end_of_record
TN:
SF:/home/runner/work/dlt-daemon/dlt-daemon/src/daemon/dlt_daemon_event_handler.c
FN:77,dlt_daemon_prepare_event_handling
FN:109,dlt_event_handler_enable_fd
FN:142,dlt_event_handler_disable_fd
FN:182,dlt_daemon_handle_event
FN:279,dlt_event_handler_find_connection
FN:302,dlt_daemon_remove_connection
FN:342,dlt_event_handler_cleanup_connections
FN:367,dlt_daemon_add_connection
FN:392,dlt_connection_check_activate
FN:453,dlt_event_handler_register_connection
FN:494,dlt_event_handler_unregister_connection
FNDA:7,dlt_event_handler_disable_fd
FNDA:6,dlt_daemon_add_connection
FNDA:1329,dlt_daemon_handle_event
FNDA:49,dlt_event_handler_enable_fd
FNDA:49,dlt_event_handler_register_connection
FNDA:16,dlt_daemon_prepare_event_handling
FNDA:7,dlt_event_handler_unregister_connection
FNDA:57,dlt_connection_check_activate
FNDA:47,dlt_daemon_remove_connection
FNDA:1122,dlt_event_handler_find_connection
FNDA:10,dlt_event_handler_cleanup_connections
FNF:11
FNH:11
DA:64,293
DA:65,293
DA:66,293
DA:67,7
DA:77,16
DA:81,16
DA:84,15
DA:86,15
DA:87,0
DA:88,0
DA:91,255
DA:92,240
DA:94,15
DA:95,15
DA:97,15
DA:109,49
DA:111,49
DA:112,2
DA:113,2
DA:114,2
DA:116,2
DA:117,0
DA:119,0
DA:122,2
DA:123,2
DA:125,2
DA:126,0
DA:129,49
DA:130,49
DA:131,49
DA:142,7
DA:146,7
DA:148,36
DA:149,29
DA:151,7
DA:152,7
DA:155,29
DA:156,22
DA:159,7
DA:160,0
DA:161,0
DA:162,0
DA:168,7
DA:182,1329
DA:190,1329
DA:193,1328
DA:195,1328
DA:199,10
DA:202,1
DA:203,0
DA:205,10
DA:208,6833
DA:213,5515
DA:214,4195
DA:216,1320
DA:218,1320
DA:219,1320
DA:220,1320
DA:223,0
DA:224,0
DA:228,1320
DA:231,2
DA:236,2
DA:238,0
DA:242,2
DA:246,1318
DA:248,1318
DA:249,0
DA:251,0
DA:255,1318
DA:259,0
DA:261,0
DA:279,1122
DA:281,2447
DA:283,4817
DA:284,4769
DA:285,1074
DA:286,2370
DA:302,47
DA:305,47
DA:308,47
DA:312,70
DA:314,23
DA:317,47
DA:319,0
DA:320,0
DA:322,47
DA:324,41
DA:327,6
DA:331,47
DA:333,47
DA:342,10
DA:346,10
DA:350,50
DA:352,40
DA:354,49
DA:355,39
DA:357,10
DA:367,6
DA:371,50
DA:373,143
DA:374,93
DA:376,50
DA:377,6
DA:392,57
DA:396,57
DA:397,1
DA:398,1
DA:401,56
DA:402,7
DA:404,7
DA:405,7
DA:407,7
DA:409,7
DA:410,0
DA:412,7
DA:416,49
DA:418,49
DA:419,49
DA:421,49
DA:422,49
DA:425,49
DA:429,0
DA:430,0
DA:431,0
DA:453,49
DA:458,49
DA:459,1
DA:460,1
DA:463,4
DA:465,48
DA:467,4
DA:470,48
DA:472,48
DA:473,48
DA:475,48
DA:494,7
DA:498,7
DA:504,2
DA:506,7
DA:507,1
DA:508,1
DA:511,6
DA:513,3
DA:515,3
DA:516,0
DA:517,0
DA:521,6
DA:524,0
DA:527,6
LF:150
LH:125
end_of_record
TN:
SF:/home/runner/work/dlt-daemon/dlt-daemon/src/daemon/dlt_daemon_offline_logstorage.c
FN:43,dlt_logstorage_split_ecuid
FN:71,dlt_logstorage_split_ctid
FN:96,dlt_logstorage_split_apid
FN:121,dlt_logstorage_split_apid_ctid
FN:161,dlt_logstorage_split_ecuid_apid
FN:205,dlt_logstorage_split_multi
FN:263,dlt_logstorage_split_key
FN:309,dlt_daemon_logstorage_update_passive_node_context
FN:371,dlt_daemon_logstorage_send_log_level
FN:433,dlt_daemon_logstorage_reset_log_level
FN:485,dlt_daemon_logstorage_force_reset_level
FN:547,dlt_logstorage_update_all_contexts
FN:618,dlt_logstorage_update_context
FN:691,dlt_logstorage_update_context_loglevel
FN:786,dlt_daemon_logstorage_reset_application_loglevel
FN:873,dlt_daemon_logstorage_update_application_loglevel
FN:946,dlt_daemon_logstorage_get_loglevel
FN:1014,dlt_daemon_logstorage_write
FN:1093,dlt_daemon_logstorage_setup_internal_storage
FN:1133,dlt_daemon_logstorage_set_logstorage_cache_size
FN:1139,dlt_daemon_logstorage_cleanup
FN:1174,dlt_daemon_logstorage_sync_cache
FN:1236,dlt_daemon_logstorage_get_device
FNDA:2,dlt_daemon_logstorage_send_log_level
FNDA:10,dlt_daemon_logstorage_update_application_loglevel
FNDA:38,dlt_logstorage_update_context
FNDA:42,dlt_logstorage_split_key
FNDA:34,dlt_logstorage_split_multi
FNDA:0,dlt_daemon_logstorage_force_reset_level
FNDA:0,dlt_logstorage_split_ctid
FNDA:35,dlt_daemon_logstorage_get_loglevel
FNDA:1,dlt_logstorage_split_ecuid_apid
FNDA:2,dlt_daemon_logstorage_reset_application_loglevel
FNDA:4,dlt_logstorage_update_all_contexts
FNDA:5842,dlt_daemon_logstorage_write
FNDA:1,dlt_daemon_logstorage_reset_log_level
FNDA:8,dlt_daemon_logstorage_setup_internal_storage
FNDA:37,dlt_logstorage_update_context_loglevel
FNDA:10,dlt_daemon_logstorage_set_logstorage_cache_size
FNDA:4,dlt_daemon_logstorage_sync_cache
FNDA:0,dlt_logstorage_split_ecuid
FNDA:8,dlt_daemon_logstorage_cleanup
FNDA:0,dlt_daemon_logstorage_update_passive_node_context
FNDA:1,dlt_logstorage_split_apid_ctid
FNDA:5,dlt_daemon_logstorage_get_device
FNDA:1,dlt_logstorage_split_apid
FNF:23
FNH:19
DA:43,0
DA:49,0
DA:52,0
DA:56,0
DA:71,0
DA:76,0
DA:79,0
DA:82,0
DA:96,1
DA:101,1
DA:104,1
DA:107,1
DA:121,1
DA:128,1
DA:132,1
DA:134,1
DA:139,1
DA:141,1
DA:146,1
DA:161,1
DA:169,1
DA:173,1
DA:175,1
DA:180,1
DA:182,1
DA:189,1
DA:205,34
DA:213,34
DA:216,34
DA:218,34
DA:221,34
DA:223,34
DA:226,0
DA:228,0
DA:235,34
DA:237,34
DA:240,34
DA:242,34
DA:263,42
DA:269,42
DA:272,37
DA:274,37
DA:276,37
DA:280,37
DA:281,0
DA:283,37
DA:284,0
DA:286,37
DA:287,1
DA:289,36
DA:290,1
DA:292,35
DA:293,1
DA:296,34
DA:309,0
DA:317,0
DA:318,0
DA:321,0
DA:323,0
DA:324,0
DA:325,0
DA:326,0
DA:329,0
DA:331,0
DA:332,0
DA:335,0
DA:338,0
DA:339,0
DA:341,0
DA:342,0
DA:344,0
DA:346,0
DA:347,0
DA:351,0
DA:371,2
DA:381,2
DA:382,2
DA:383,0
DA:384,0
DA:387,2
DA:388,2
DA:390,2
DA:393,2
DA:394,2
DA:395,0
DA:396,0
DA:402,0
DA:404,0
DA:406,0
DA:407,0
DA:408,0
DA:409,0
DA:433,1
DA:440,1
DA:441,1
DA:442,0
DA:443,0
DA:447,1
DA:449,1
DA:450,1
DA:451,1
DA:454,0
DA:455,0
DA:459,0
DA:460,0
DA:461,0
DA:485,0
DA:496,0
DA:498,0
DA:499,0
DA:500,0
DA:501,0
DA:504,0
DA:505,0
DA:507,0
DA:511,0
DA:512,0
DA:515,0
DA:518,0
DA:519,0
DA:521,0
DA:523,0
DA:547,4
DA:557,4
DA:559,4
DA:560,3
DA:562,1
DA:563,1
DA:566,3
DA:568,3
DA:571,3
DA:572,0
DA:573,0
DA:574,0
DA:575,0
DA:578,0
DA:580,0
DA:581,0
DA:582,0
DA:584,0
DA:589,0
DA:591,0
DA:618,38
DA:628,38
DA:629,37
DA:630,1
DA:631,1
DA:634,37
DA:636,37
DA:637,3
DA:638,2
DA:645,1
DA:653,34
DA:656,0
DA:665,34
DA:671,34
DA:691,37
DA:698,37
DA:699,37
DA:700,37
DA:702,37
DA:704,37
DA:707,36
DA:708,0
DA:710,0
DA:713,36
DA:714,2
DA:717,36
DA:720,0
DA:727,0
DA:729,36
DA:732,1
DA:739,0
DA:742,35
DA:746,0
DA:753,0
DA:757,35
DA:765,34
DA:786,2
DA:795,2
DA:799,2
DA:801,2
DA:802,1
DA:803,2
DA:806,2
DA:809,0
DA:811,0
DA:812,0
DA:817,0
DA:818,0
DA:820,0
DA:824,0
DA:825,0
DA:833,0
DA:840,0
DA:844,0
DA:845,0
DA:847,0
DA:848,0
DA:850,0
DA:851,0
DA:873,10
DA:880,10
DA:884,10
DA:886,10
DA:888,1
DA:891,1
DA:894,9
DA:896,9
DA:897,9
DA:902,9
DA:903,44
DA:905,70
DA:909,35
DA:910,35
DA:914,35
DA:915,35
DA:917,0
DA:918,0
DA:922,35
DA:928,35
DA:946,35
DA:951,35
DA:958,35
DA:961,68
DA:962,34
DA:964,34
DA:968,34
DA:970,34
DA:971,1
DA:972,1
DA:975,66
DA:977,33
DA:978,0
DA:982,33
DA:983,0
DA:984,0
DA:987,33
DA:988,33
DA:994,34
DA:1014,5842
DA:1027,5842
DA:1028,5841
DA:1029,5841
DA:1030,1
DA:1033,1
DA:1038,5841
DA:1039,5841
DA:1040,5841
DA:1041,5841
DA:1042,5841
DA:1043,5841
DA:1045,11682
DA:1046,5841
DA:1048,5841
DA:1049,5841
DA:1058,0
DA:1063,0
DA:1064,0
DA:1067,5841
DA:1068,5841
DA:1072,0
DA:1093,8
DA:1100,8
DA:1102,8
DA:1107,7
DA:1109,7
DA:1110,0
DA:1111,0
DA:1115,7
DA:1120,7
DA:1122,0
DA:1125,0
DA:1133,10
DA:1136,10
DA:1137,10
DA:1139,8
DA:1145,8
DA:1147,8
DA:1150,14
DA:1152,7
DA:1155,6
DA:1156,6
DA:1157,6
DA:1158,6
DA:1159,6
DA:1160,6
DA:1161,6
DA:1162,6
DA:1163,6
DA:1164,6
DA:1166,6
DA:1174,4
DA:1182,4
DA:1184,4
DA:1187,3
DA:1188,3
DA:1193,3
DA:1197,3
DA:1198,3
DA:1199,3
DA:1200,3
DA:1201,3
DA:1202,3
DA:1203,3
DA:1204,3
DA:1205,3
DA:1206,3
DA:1208,3
DA:1209,0
DA:1214,0
DA:1215,0
DA:1217,0
DA:1218,0
DA:1219,0
DA:1220,0
DA:1221,0
DA:1222,0
DA:1223,0
DA:1224,0
DA:1225,0
DA:1226,0
DA:1228,0
DA:1236,5
DA:1246,5
DA:1248,5
DA:1251,4
DA:1253,4
DA:1254,4
DA:1259,4
DA:1261,4
DA:1262,4
LF:332
LH:205
end_of_record
TN:
SF:/home/runner/work/dlt-daemon/dlt-daemon/src/daemon/dlt_daemon_serial.c
FN:69,dlt_daemon_serial_send
FNDA:0,dlt_daemon_serial_send
FNF:1
FNH:0
DA:69,0
DA:77,0
DA:78,0
DA:85,0
DA:86,0
DA:91,0
DA:92,0
DA:93,0
LF:8
LH:0
end_of_record
TN:
SF:/home/runner/work/dlt-daemon/dlt-daemon/src/daemon/dlt_daemon_socket.c
FN:58,dlt_daemon_socket_open
FN:158,dlt_daemon_socket_close
FN:165,dlt_daemon_socket_send
FN:201,dlt_daemon_socket_get_send_qeue_max_size
FN:214,dlt_daemon_socket_sendreliable
FNDA:10,dlt_daemon_socket_send
FNDA:0,dlt_daemon_socket_close
FNDA:9,dlt_daemon_socket_get_send_qeue_max_size
FNDA:454,dlt_daemon_socket_sendreliable
FNDA:9,dlt_daemon_socket_open
FNF:5
FNH:4
DA:58,9
DA:60,9
DA:67,9
DA:68,0
DA:69,0
DA:71,0
DA:85,9
DA:88,9
DA:89,0
DA:90,0
DA:95,0
DA:102,9
DA:103,9
DA:105,9
DA:106,9
DA:108,0
DA:120,0
DA:121,0
DA:122,0
DA:128,0
DA:131,9
DA:132,0
DA:133,0
DA:134,0
DA:136,0
DA:140,9
DA:143,9
DA:146,9
DA:147,0
DA:148,0
DA:152,0
DA:158,0
DA:160,0
DA:162,0
DA:165,10
DA:175,10
DA:176,0
DA:180,0
DA:186,10
DA:187,10
DA:189,10
DA:194,10
DA:195,10
DA:201,9
DA:203,9
DA:204,9
DA:205,9
DA:206,0
DA:208,0
DA:211,9
DA:214,454
DA:218,908
DA:219,454
DA:221,454
DA:224,454
DA:225,0
DA:226,0
DA:227,0
DA:229,454
LF:59
LH:31
end_of_record
TN:
SF:/home/runner/work/dlt-daemon/dlt-daemon/src/daemon/dlt_daemon_unix_socket.c
FN:87,dlt_daemon_unix_socket_open
FN:179,dlt_daemon_unix_socket_close
FNDA:0,dlt_daemon_unix_socket_close
FNDA:9,dlt_daemon_unix_socket_open
FNF:2
FNH:1
DA:87,9
DA:92,9
DA:93,0
DA:94,0
DA:139,9
DA:140,0
DA:141,0
DA:145,9
DA:148,9
DA:149,8
DA:150,8
DA:154,9
DA:156,9
DA:157,0
DA:158,0
DA:159,0
DA:162,9
DA:163,0
DA:164,0
DA:165,0
DA:169,9
DA:176,9
DA:179,0
DA:181,0
DA:183,0
DA:184,0
DA:187,0
LF:27
LH:12
end_of_record
TN:
SF:/home/runner/work/dlt-daemon/dlt-daemon/src/gateway/dlt_gateway.c
FN:57,dlt_gateway_check_ip
FN:94,dlt_gateway_check_port
FN:132,dlt_gateway_check_ecu
FN:155,dlt_gateway_check_connect_trigger
FN:186,dlt_gateway_check_timeout
FN:210,dlt_gateway_check_interval
FN:233,dlt_gateway_check_send_serial
FN:252,dlt_gateway_allocate_control_messages
FN:290,dlt_gateway_check_control_messages
FN:357,dlt_gateway_check_periodic_control_messages
FN:537,dlt_gateway_check_general_param
FN:561,dlt_gateway_check_param
FN:585,dlt_gateway_store_connection
FN:653,dlt_gateway_configure
FN:827,dlt_gateway_init
FN:861,dlt_gateway_deinit
FN:900,dlt_gateway_add_to_event_loop
FN:957,dlt_gateway_establish_connections
FN:1047,dlt_gateway_get_connection_receiver
FN:1076,dlt_gateway_parse_get_log_info
FN:1202,dlt_gateway_parse_get_default_log_level
FN:1251,dlt_gateway_control_service_logstorage
FN:1278,dlt_gateway_process_passive_node_messages
FN:1491,dlt_gateway_process_gateway_timer
FN:1528,dlt_gateway_forward_control_message
FN:1606,dlt_gateway_process_on_demand_request
FN:1674,dlt_gateway_send_control_message
FN:1753,dlt_gateway_get_connection
FNDA:7,dlt_gateway_check_timeout
FNDA:7,dlt_gateway_store_connection
FNDA:0,dlt_gateway_parse_get_default_log_level
FNDA:0,dlt_gateway_check_interval
FNDA:10,dlt_gateway_deinit
FNDA:4,dlt_gateway_init
FNDA:9,dlt_gateway_check_port
FNDA:5,dlt_gateway_configure
FNDA:7,dlt_gateway_check_ip
FNDA:32,dlt_gateway_check_param
FNDA:0,dlt_gateway_check_general_param
FNDA:6,dlt_gateway_get_connection_receiver
FNDA:2,dlt_gateway_process_gateway_timer
FNDA:1,dlt_gateway_control_service_logstorage
FNDA:3,dlt_gateway_add_to_event_loop
FNDA:6,dlt_gateway_check_control_messages
FNDA:5,dlt_gateway_process_passive_node_messages
FNDA:12,dlt_gateway_send_control_message
FNDA:2,dlt_gateway_check_periodic_control_messages
FNDA:7,dlt_gateway_check_connect_trigger
FNDA:17,dlt_gateway_allocate_control_messages
FNDA:6,dlt_gateway_establish_connections
FNDA:0,dlt_gateway_get_connection
FNDA:3,dlt_gateway_process_on_demand_request
FNDA:6,dlt_gateway_check_send_serial
FNDA:0,dlt_gateway_forward_control_message
FNDA:6,dlt_gateway_check_ecu
FNDA:3,dlt_gateway_parse_get_log_info
FNF:28
FNH:23
DA:57,7
DA:62,7
DA:63,1
DA:64,1
DA:67,6
DA:70,6
DA:71,6
DA:73,6
DA:74,0
DA:75,0
DA:81,0
DA:84,0
DA:94,9
DA:99,9
DA:100,1
DA:101,1
DA:104,8
DA:105,8
DA:106,8
DA:107,8
DA:108,0
DA:109,0
DA:113,8
DA:115,6
DA:116,6
DA:119,2
DA:122,2
DA:132,6
DA:135,6
DA:136,1
DA:137,1
DA:140,5
DA:142,5
DA:143,0
DA:155,7
DA:158,7
DA:159,1
DA:160,1
DA:163,6
DA:164,5
DA:166,1
DA:168,0
DA:171,1
DA:172,1
DA:173,1
DA:186,7
DA:189,7
DA:190,1
DA:191,1
DA:194,6
DA:197,6
DA:198,5
DA:210,0
DA:213,0
DA:214,0
DA:215,0
DA:218,0
DA:220,0
DA:221,0
DA:233,6
DA:236,6
DA:237,1
DA:238,1
DA:241,5
DA:243,5
DA:252,17
DA:254,17
DA:255,1
DA:256,1
DA:259,16
DA:260,7
DA:262,7
DA:263,0
DA:265,0
DA:269,9
DA:271,9
DA:272,0
DA:274,0
DA:277,9
DA:290,6
DA:295,6
DA:298,6
DA:299,1
DA:300,1
DA:303,5
DA:307,5
DA:309,18
DA:310,13
DA:311,0
DA:313,0
DA:316,13
DA:317,13
DA:318,13
DA:319,13
DA:320,13
DA:322,13
DA:325,13
DA:326,0
DA:329,0
DA:331,13
DA:334,0
DA:337,0
DA:340,13
DA:344,5
DA:345,5
DA:347,5
DA:357,2
DA:362,2
DA:365,2
DA:366,1
DA:367,1
DA:370,1
DA:374,1
DA:377,1
DA:379,3
DA:381,2
DA:384,2
DA:386,2
DA:387,2
DA:390,2
DA:393,3
DA:394,1
DA:395,0
DA:396,0
DA:398,0
DA:399,0
DA:407,1
DA:411,2
DA:413,2
DA:416,2
DA:417,1
DA:420,0
DA:423,2
DA:424,0
DA:426,0
DA:429,2
DA:430,2
DA:431,2
DA:432,2
DA:433,2
DA:435,2
DA:436,0
DA:441,2
DA:442,1
DA:446,2
DA:447,0
DA:450,0
DA:452,2
DA:455,0
DA:458,0
DA:461,2
DA:465,1
DA:466,1
DA:468,1
DA:537,0
DA:541,0
DA:542,0
DA:543,0
DA:546,0
DA:547,0
DA:561,32
DA:566,32
DA:567,1
DA:568,1
DA:571,31
DA:572,31
DA:585,7
DA:591,7
DA:593,7
DA:594,2
DA:595,2
DA:599,5
DA:600,5
DA:603,0
DA:607,5
DA:608,5
DA:609,5
DA:610,5
DA:611,5
DA:612,5
DA:613,5
DA:614,5
DA:615,5
DA:616,5
DA:617,5
DA:618,5
DA:619,5
DA:621,5
DA:624,0
DA:625,0
DA:626,0
DA:627,0
DA:628,0
DA:629,0
DA:630,0
DA:631,0
DA:635,5
DA:636,5
DA:637,0
DA:639,0
DA:653,5
DA:658,5
DA:660,5
DA:662,5
DA:663,1
DA:664,1
DA:668,4
DA:669,4
DA:674,4
DA:675,4
DA:676,0
DA:677,0
DA:678,0
DA:681,4
DA:682,4
DA:687,4
DA:688,4
DA:697,0
DA:700,4
DA:703,4
DA:704,0
DA:705,0
DA:706,0
DA:709,8
DA:714,4
DA:715,4
DA:720,4
DA:721,4
DA:723,4
DA:724,4
DA:725,0
DA:726,0
DA:729,4
DA:731,0
DA:732,0
DA:734,0
DA:737,0
DA:739,0
DA:742,0
DA:744,0
DA:746,0
DA:749,0
DA:753,0
DA:755,0
DA:756,0
DA:762,36
DA:763,32
DA:765,32
DA:768,32
DA:770,4
DA:773,4
DA:775,28
DA:777,0
DA:781,0
DA:785,28
DA:787,28
DA:788,0
DA:794,4
DA:798,4
DA:799,0
DA:805,4
DA:807,4
DA:808,0
DA:813,4
DA:814,4
DA:815,4
DA:817,4
DA:818,4
DA:823,4
DA:824,4
DA:827,4
DA:829,4
DA:831,4
DA:832,1
DA:833,1
DA:836,3
DA:840,3
DA:841,3
DA:843,3
DA:844,3
DA:846,0
DA:847,0
DA:856,3
DA:858,3
DA:861,10
DA:866,10
DA:867,0
DA:868,0
DA:871,10
DA:873,12
DA:874,2
DA:875,2
DA:876,2
DA:877,2
DA:878,2
DA:879,2
DA:881,6
DA:882,4
DA:883,4
DA:884,4
DA:888,10
DA:889,10
DA:900,3
DA:907,3
DA:908,0
DA:909,0
DA:913,3
DA:914,3
DA:915,3
DA:916,3
DA:919,3
DA:924,0
DA:925,0
DA:929,3
DA:931,9
DA:932,6
DA:934,6
DA:938,6
DA:942,6
DA:943,0
DA:944,0
DA:945,0
DA:947,6
DA:951,3
DA:952,3
DA:954,3
DA:957,6
DA:964,6
DA:966,6
DA:967,1
DA:968,1
DA:971,10
DA:972,5
DA:975,5
DA:976,5
DA:978,5
DA:980,5
DA:982,3
DA:983,0
DA:984,0
DA:988,2
DA:991,2
DA:993,2
DA:994,0
DA:995,0
DA:996,0
DA:1001,2
DA:1002,2
DA:1006,0
DA:1007,0
DA:1010,0
DA:1015,0
DA:1016,0
DA:1020,0
DA:1022,0
DA:1023,0
DA:1025,0
DA:1029,0
DA:1032,0
DA:1036,0
DA:1037,0
DA:1039,0
DA:1040,0
DA:1047,6
DA:1051,6
DA:1052,1
DA:1053,1
DA:1056,6
DA:1057,5
DA:1059,5
DA:1060,4
DA:1076,3
DA:1082,3
DA:1089,3
DA:1091,3
DA:1092,1
DA:1093,1
DA:1096,2
DA:1100,1
DA:1102,0
DA:1103,0
DA:1104,0
DA:1108,0
DA:1109,0
DA:1110,0
DA:1115,1
DA:1119,0
DA:1120,0
DA:1124,1
DA:1126,1
DA:1127,0
DA:1129,0
DA:1132,1
DA:1133,0
DA:1134,0
DA:1135,0
DA:1138,1
DA:1139,0
DA:1140,0
DA:1141,0
DA:1144,2
DA:1145,1
DA:1148,1
DA:1155,0
DA:1158,0
DA:1159,0
DA:1162,2
DA:1163,1
DA:1166,1
DA:1169,1
DA:1170,1
DA:1176,0
DA:1180,0
DA:1181,0
DA:1187,1
DA:1189,1
DA:1202,0
DA:1211,0
DA:1213,0
DA:1214,0
DA:1215,0
DA:1218,0
DA:1220,0
DA:1221,0
DA:1225,0
DA:1227,0
DA:1231,0
DA:1232,0
DA:1235,0
DA:1238,0
DA:1240,0
DA:1251,1
DA:1258,1
DA:1259,1
DA:1261,1
DA:1264,0
DA:1265,0
DA:1267,0
DA:1269,0
DA:1278,5
DA:1286,5
DA:1289,5
DA:1290,1
DA:1291,1
DA:1294,4
DA:1303,4
DA:1304,4
DA:1309,4
DA:1310,0
DA:1311,0
DA:1315,4
DA:1316,0
DA:1318,0
DA:1322,4
DA:1324,1
DA:1325,0
DA:1326,0
DA:1329,1
DA:1331,1
DA:1332,1
DA:1333,1
DA:1334,1
DA:1337,0
DA:1339,0
DA:1342,0
DA:1345,1
DA:1348,14
DA:1349,14
DA:1350,14
DA:1352,14
DA:1359,11
DA:1362,11
DA:1364,11
DA:1372,11
DA:1373,11
DA:1376,11
DA:1377,1
DA:1378,1
DA:1379,1
DA:1382,1
DA:1384,1
DA:1387,1
DA:1392,1
DA:1393,1
DA:1396,0
DA:1399,10
DA:1401,0
DA:1407,0
DA:1412,11
DA:1414,0
DA:1415,0
DA:1418,11
DA:1424,11
DA:1425,11
DA:1429,0
DA:1437,0
DA:1438,0
DA:1440,0
DA:1444,0
DA:1446,0
DA:1455,11
DA:1456,0
DA:1457,0
DA:1458,0
DA:1459,0
DA:1462,0
DA:1463,0
DA:1466,11
DA:1467,11
DA:1468,11
DA:1471,0
DA:1472,0
DA:1476,3
DA:1477,0
DA:1479,3
DA:1481,0
DA:1482,0
DA:1485,3
DA:1486,0
DA:1491,2
DA:1496,2
DA:1499,2
DA:1501,2
DA:1502,1
DA:1505,1
DA:1508,1
DA:1510,1
DA:1511,1
DA:1514,1
DA:1519,1
DA:1523,1
DA:1525,1
DA:1528,0
DA:1540,0
DA:1542,0
DA:1543,0
DA:1544,0
DA:1547,0
DA:1548,0
DA:1557,0
DA:1558,0
DA:1559,0
DA:1562,0
DA:1563,0
DA:1564,0
DA:1567,0
DA:1568,0
DA:1573,0
DA:1574,0
DA:1575,0
DA:1579,0
DA:1581,0
DA:1584,0
DA:1585,0
DA:1586,0
DA:1589,0
DA:1591,0
DA:1592,0
DA:1593,0
DA:1597,0
DA:1598,0
DA:1600,0
DA:1603,0
DA:1606,3
DA:1615,3
DA:1617,3
DA:1618,1
DA:1619,1
DA:1623,2
DA:1624,2
DA:1630,2
DA:1631,0
DA:1632,0
DA:1635,2
DA:1637,2
DA:1638,1
DA:1640,0
DA:1641,0
DA:1642,0
DA:1646,1
DA:1647,1
DA:1651,1
DA:1654,0
DA:1657,0
DA:1658,0
DA:1660,0
DA:1663,0
DA:1667,0
DA:1668,0
DA:1674,12
DA:1681,12
DA:1683,12
DA:1684,1
DA:1687,1
DA:1691,11
DA:1696,11
DA:1697,0
DA:1700,0
DA:1702,0
DA:1707,11
DA:1708,0
DA:1713,0
DA:1714,0
DA:1715,0
DA:1719,11
DA:1720,4
DA:1721,4
DA:1723,1
DA:1724,1
DA:1726,4
DA:1727,4
DA:1729,2
DA:1731,2
DA:1732,1
DA:1735,1
DA:1739,1
DA:1740,1
DA:1741,1
DA:1742,1
DA:1744,0
DA:1745,0
DA:1750,0
DA:1753,0
DA:1760,0
DA:1762,0
DA:1763,0
DA:1764,0
DA:1767,0
DA:1768,0
DA:1770,0
DA:1771,0
DA:1774,0
DA:1776,0
LF:633
LH:385
end_of_record
TN:
SF:/home/runner/work/dlt-daemon/dlt-daemon/src/lib/dlt_client.c
FN:103,dlt_client_register_message_callback
FN:108,dlt_client_register_fetch_next_message_callback
FN:113,dlt_client_init_port
FN:139,dlt_client_init
FN:172,dlt_client_connect
FN:477,dlt_client_cleanup
FN:517,dlt_client_main_loop
FN:584,dlt_client_send_message_to_socket
FN:626,dlt_client_send_ctrl_msg
FN:780,dlt_client_send_inject_msg
FN:815,dlt_client_send_log_level
FN:847,dlt_client_get_log_info
FN:878,dlt_client_get_default_log_level
FN:906,dlt_client_get_software_version
FN:930,dlt_client_send_trace_status
FN:957,dlt_client_send_default_log_level
FN:982,dlt_client_send_all_log_level
FN:1007,dlt_client_send_default_trace_status
FN:1032,dlt_client_send_all_trace_status
FN:1064,dlt_client_send_timing_pakets
FN:1088,dlt_client_send_store_config
FN:1101,dlt_client_send_reset_to_factory_default
FN:1114,dlt_client_setbaudrate
FN:1124,dlt_client_set_mode
FN:1134,dlt_client_set_server_ip
FN:1146,dlt_client_set_host_if_address
FN:1158,dlt_client_set_serial_device
FN:1170,dlt_client_set_socket_path
FN:1187,dlt_client_free_calloc_failed_get_log_info
FN:1219,dlt_client_parse_get_log_info_resp_text
FN:1373,dlt_client_cleanup_get_log_info
FNDA:9,dlt_client_connect
FNDA:0,dlt_client_send_trace_status
FNDA:5,dlt_client_cleanup
FNDA:0,dlt_client_send_inject_msg
FNDA:0,dlt_client_send_default_log_level
FNDA:0,dlt_client_send_all_log_level
FNDA:3,dlt_client_main_loop
FNDA:0,dlt_client_setbaudrate
FNDA:1,dlt_client_get_default_log_level
FNDA:3,dlt_client_register_message_callback
FNDA:2,dlt_client_cleanup_get_log_info
FNDA:0,dlt_client_send_default_trace_status
FNDA:8,dlt_client_init_port
FNDA:0,dlt_client_free_calloc_failed_get_log_info
FNDA:0,dlt_client_send_reset_to_factory_default
FNDA:3,dlt_client_init
FNDA:0,dlt_client_register_fetch_next_message_callback
FNDA:0,dlt_client_set_socket_path
FNDA:0,dlt_client_set_mode
FNDA:10,dlt_client_send_ctrl_msg
FNDA:4,dlt_client_get_software_version
FNDA:6,dlt_client_set_server_ip
FNDA:0,dlt_client_send_store_config
FNDA:0,dlt_client_set_serial_device
FNDA:2,dlt_client_parse_get_log_info_resp_text
FNDA:0,dlt_client_send_all_trace_status
FNDA:0,dlt_client_send_timing_pakets
FNDA:4,dlt_client_get_log_info
FNDA:0,dlt_client_set_host_if_address
FNDA:2,dlt_client_send_message_to_socket
FNDA:1,dlt_client_send_log_level
FNF:31
FNH:15
DA:103,3
DA:105,3
DA:106,3
DA:108,0
DA:110,0
DA:111,0
DA:113,8
DA:115,8
DA:116,0
DA:121,8
DA:124,8
DA:125,8
DA:126,8
DA:127,8
DA:128,8
DA:129,8
DA:130,8
DA:131,8
DA:132,8
DA:133,8
DA:134,8
DA:136,8
DA:139,3
DA:147,3
DA:149,3
DA:152,0
DA:153,0
DA:157,0
DA:160,0
DA:164,3
DA:165,0
DA:169,3
DA:172,9
DA:174,9
DA:175,9
DA:185,9
DA:189,9
DA:191,9
DA:194,9
DA:195,7
DA:196,7
DA:198,7
DA:199,0
DA:203,3
DA:206,11
DA:207,8
DA:208,0
DA:211,0
DA:212,0
DA:216,8
DA:218,0
DA:220,0
DA:221,0
DA:222,0
DA:225,8
DA:226,8
DA:227,8
DA:228,8
DA:230,8
DA:231,0
DA:233,0
DA:234,0
DA:236,16
DA:237,8
DA:239,8
DA:240,4
DA:241,4
DA:242,4
DA:243,0
DA:246,0
DA:247,0
DA:252,4
DA:253,4
DA:257,0
DA:258,0
DA:259,0
DA:264,0
DA:265,0
DA:272,7
DA:274,7
DA:275,3
DA:279,3
DA:282,4
DA:283,1
DA:291,6
DA:292,0
DA:294,0
DA:296,0
DA:297,0
DA:301,0
DA:304,0
DA:307,0
DA:308,0
DA:312,0
DA:313,0
DA:321,0
DA:322,0
DA:326,0
DA:328,0
DA:331,0
DA:332,0
DA:340,2
DA:342,2
DA:343,0
DA:346,0
DA:348,0
DA:352,2
DA:353,2
DA:355,2
DA:358,0
DA:361,0
DA:363,0
DA:366,2
DA:367,0
DA:372,0
DA:378,0
DA:380,0
DA:382,0
DA:385,0
DA:387,0
DA:391,0
DA:393,0
DA:396,0
DA:398,0
DA:401,0
DA:402,0
DA:404,0
DA:407,0
DA:409,0
DA:412,0
DA:414,0
DA:417,0
DA:418,0
DA:420,0
DA:422,0
DA:424,0
DA:428,0
DA:431,0
DA:432,0
DA:434,0
DA:435,0
DA:436,0
DA:438,0
DA:443,0
DA:446,0
DA:448,0
DA:451,0
DA:453,0
DA:455,0
DA:460,0
DA:461,0
DA:466,0
DA:469,6
DA:470,0
DA:471,0
DA:477,5
DA:481,5
DA:482,0
DA:484,5
DA:487,5
DA:488,5
DA:490,5
DA:491,0
DA:495,5
DA:496,0
DA:497,0
DA:500,5
DA:501,3
DA:502,3
DA:505,5
DA:506,2
DA:507,2
DA:510,5
DA:511,0
DA:512,0
DA:517,3
DA:522,3
DA:525,3
DA:529,413
DA:531,413
DA:533,413
DA:535,3
DA:538,3
DA:541,618
DA:542,618
DA:544,618
DA:547,208
DA:548,208
DA:550,208
DA:551,0
DA:552,0
DA:556,0
DA:557,0
DA:560,208
DA:561,208
DA:564,0
DA:565,0
DA:569,410
DA:571,0
DA:572,0
DA:574,410
DA:575,0
DA:578,0
DA:579,0
DA:584,2
DA:588,2
DA:589,2
DA:591,0
DA:592,0
DA:595,2
DA:597,0
DA:599,0
DA:601,0
DA:602,0
DA:603,0
DA:607,4
DA:609,2
DA:610,2
DA:612,0
DA:613,0
DA:616,2
DA:617,2
DA:619,0
DA:620,0
DA:626,10
DA:635,10
DA:639,10
DA:643,10
DA:645,10
DA:646,0
DA:647,0
DA:650,10
DA:651,10
DA:652,10
DA:655,10
DA:656,0
DA:657,0
DA:661,10
DA:664,10
DA:666,10
DA:667,0
DA:668,0
DA:672,10
DA:673,10
DA:679,10
DA:682,10
DA:684,10
DA:687,10
DA:688,0
DA:689,0
DA:693,10
DA:695,10
DA:696,10
DA:698,10
DA:700,10
DA:702,19
DA:703,19
DA:706,10
DA:709,10
DA:711,10
DA:713,10
DA:714,0
DA:718,0
DA:720,0
DA:723,10
DA:726,10
DA:728,10
DA:730,0
DA:731,0
DA:733,0
DA:734,0
DA:735,0
DA:738,10
DA:739,10
DA:741,10
DA:742,0
DA:743,0
DA:744,0
DA:747,10
DA:749,10
DA:750,0
DA:751,0
DA:752,0
DA:755,10
DA:756,10
DA:758,10
DA:765,0
DA:767,0
DA:768,0
DA:769,0
DA:774,10
DA:775,0
DA:780,0
DA:790,0
DA:792,0
DA:798,0
DA:800,0
DA:803,0
DA:805,0
DA:806,0
DA:809,0
DA:811,0
DA:815,1
DA:820,1
DA:823,1
DA:825,1
DA:828,1
DA:829,1
DA:830,1
DA:831,1
DA:832,1
DA:835,1
DA:842,1
DA:844,1
DA:847,4
DA:852,4
DA:855,4
DA:857,4
DA:860,4
DA:861,4
DA:862,4
DA:863,4
DA:864,4
DA:867,4
DA:873,4
DA:875,4
DA:878,1
DA:883,1
DA:887,1
DA:889,1
DA:892,1
DA:895,1
DA:901,1
DA:903,1
DA:906,4
DA:911,4
DA:914,4
DA:916,4
DA:919,4
DA:925,4
DA:927,4
DA:930,0
DA:934,0
DA:936,0
DA:939,0
DA:940,0
DA:941,0
DA:942,0
DA:943,0
DA:946,0
DA:948,0
DA:949,0
DA:952,0
DA:954,0
DA:957,0
DA:961,0
DA:963,0
DA:966,0
DA:967,0
DA:968,0
DA:971,0
DA:973,0
DA:974,0
DA:977,0
DA:979,0
DA:982,0
DA:986,0
DA:988,0
DA:991,0
DA:992,0
DA:993,0
DA:996,0
DA:998,0
DA:999,0
DA:1002,0
DA:1004,0
DA:1007,0
DA:1011,0
DA:1013,0
DA:1016,0
DA:1017,0
DA:1018,0
DA:1021,0
DA:1023,0
DA:1024,0
DA:1027,0
DA:1029,0
DA:1032,0
DA:1036,0
DA:1037,0
DA:1038,0
DA:1041,0
DA:1043,0
DA:1044,0
DA:1045,0
DA:1048,0
DA:1049,0
DA:1050,0
DA:1053,0
DA:1055,0
DA:1056,0
DA:1059,0
DA:1061,0
DA:1064,0
DA:1068,0
DA:1070,0
DA:1073,0
DA:1074,0
DA:1077,0
DA:1079,0
DA:1080,0
DA:1083,0
DA:1085,0
DA:1088,0
DA:1092,0
DA:1095,0
DA:1096,0
DA:1101,0
DA:1105,0
DA:1108,0
DA:1109,0
DA:1114,0
DA:1116,0
DA:1119,0
DA:1121,0
DA:1124,0
DA:1126,0
DA:1129,0
DA:1130,0
DA:1134,6
DA:1136,6
DA:1138,6
DA:1139,0
DA:1140,0
DA:1146,0
DA:1148,0
DA:1150,0
DA:1151,0
DA:1152,0
DA:1158,0
DA:1160,0
DA:1162,0
DA:1163,0
DA:1164,0
DA:1170,0
DA:1172,0
DA:1174,0
DA:1175,0
DA:1176,0
DA:1187,0
DA:1195,0
DA:1196,0
DA:1198,0
DA:1199,0
DA:1201,0
DA:1202,0
DA:1205,0
DA:1206,0
DA:1208,0
DA:1209,0
DA:1212,0
DA:1213,0
DA:1214,0
DA:1216,0
DA:1219,2
DA:1227,2
DA:1229,2
DA:1253,2
DA:1257,2
DA:1259,0
DA:1260,0
DA:1264,0
DA:1265,0
DA:1270,0
DA:1275,0
DA:1279,2
DA:1280,2
DA:1281,2
DA:1283,2
DA:1284,2
DA:1286,2
DA:1287,0
DA:1288,0
DA:1289,0
DA:1292,5
DA:1293,3
DA:1295,3
DA:1298,3
DA:1299,3
DA:1300,3
DA:1302,3
DA:1303,3
DA:1305,3
DA:1306,0
DA:1308,0
DA:1309,0
DA:1312,9
DA:1313,6
DA:1315,6
DA:1317,6
DA:1321,6
DA:1322,6
DA:1326,6
DA:1327,6
DA:1331,6
DA:1332,6
DA:1334,6
DA:1335,6
DA:1337,6
DA:1338,0
DA:1339,0
DA:1340,0
DA:1343,6
DA:1351,3
DA:1352,3
DA:1354,3
DA:1355,3
DA:1357,3
DA:1358,0
DA:1359,0
DA:1360,0
DA:1363,3
DA:1373,2
DA:1379,2
DA:1382,5
DA:1383,3
DA:1385,9
DA:1386,6
DA:1387,6
DA:1390,3
DA:1392,3
DA:1396,2
DA:1399,2
DA:1402,2
LF:534
LH:240
end_of_record
TN:
SF:/home/runner/work/dlt-daemon/dlt-daemon/src/lib/dlt_env_ll.c
FN:58,dlt_env_extract_id
FN:90,dlt_env_helper_to_lower
FN:126,dlt_env_extract_symbolic_ll
FN:198,dlt_env_extract_ll
FN:239,dlt_env_extract_ll_item
FN:284,dlt_env_init_ll_set
FN:307,dlt_env_free_ll_set
FN:329,dlt_env_increase_ll_set
FN:364,dlt_env_extract_ll_set
FN:403,dlt_env_ids_match
FN:436,dlt_env_ll_item_get_matching_prio
FN:471,dlt_env_adjust_ll_from_env
FNDA:0,dlt_env_extract_ll
FNDA:0,dlt_env_extract_symbolic_ll
FNDA:5483,dlt_env_free_ll_set
FNDA:0,dlt_env_extract_ll_item
FNDA:0,dlt_env_init_ll_set
FNDA:205,dlt_env_adjust_ll_from_env
FNDA:0,dlt_env_increase_ll_set
FNDA:0,dlt_env_ll_item_get_matching_prio
FNDA:0,dlt_env_ids_match
FNDA:0,dlt_env_extract_id
FNDA:0,dlt_env_extract_ll_set
FNDA:0,dlt_env_helper_to_lower
FNF:12
FNH:2
DA:58,0
DA:62,0
DA:66,0
DA:72,0
DA:73,0
DA:77,0
DA:78,0
DA:90,0
DA:95,0
DA:99,0
DA:103,0
DA:105,0
DA:106,0
DA:107,0
DA:109,0
DA:112,0
DA:113,0
DA:116,0
DA:118,0
DA:121,0
DA:126,0
DA:127,0
DA:130,0
DA:134,0
DA:138,0
DA:139,0
DA:140,0
DA:141,0
DA:142,0
DA:143,0
DA:144,0
DA:145,0
DA:146,0
DA:147,0
DA:148,0
DA:149,0
DA:150,0
DA:151,0
DA:152,0
DA:153,0
DA:154,0
DA:159,0
DA:160,0
DA:163,0
DA:198,0
DA:200,0
DA:204,0
DA:209,0
DA:210,0
DA:212,0
DA:213,0
DA:214,0
DA:217,0
DA:218,0
DA:219,0
DA:220,0
DA:226,0
DA:227,0
DA:239,0
DA:243,0
DA:247,0
DA:252,0
DA:254,0
DA:258,0
DA:259,0
DA:261,0
DA:265,0
DA:266,0
DA:268,0
DA:269,0
DA:284,0
DA:286,0
DA:290,0
DA:291,0
DA:293,0
DA:295,0
DA:296,0
DA:299,0
DA:300,0
DA:307,5483
DA:309,5483
DA:313,5483
DA:314,0
DA:315,0
DA:318,5483
DA:319,5483
DA:329,0
DA:334,0
DA:338,0
DA:339,0
DA:341,0
DA:342,0
DA:344,0
DA:346,0
DA:347,0
DA:349,0
DA:350,0
DA:351,0
DA:364,0
DA:366,0
DA:370,0
DA:374,0
DA:379,0
DA:380,0
DA:385,0
DA:389,0
DA:390,0
DA:392,0
DA:403,0
DA:405,0
DA:409,0
DA:413,0
DA:417,0
DA:418,0
DA:436,0
DA:440,0
DA:444,0
DA:445,0
DA:447,0
DA:448,0
DA:450,0
DA:451,0
DA:453,0
DA:454,0
DA:471,205
DA:476,205
DA:484,205
DA:485,0
DA:487,0
DA:489,0
DA:491,0
DA:492,0
LF:132
LH:8
end_of_record
TN:
SF:/home/runner/work/dlt-daemon/dlt-daemon/src/lib/dlt_filetransfer.c
FN:84,getFilesize
FN:103,stringHash
FN:129,getFileSerialNumber
FN:155,getFileCreationDate
FN:175,getFileCreationDate2
FN:196,isFile
FN:206,doTimeout
FN:218,checkUserBufferForFreeSpace
FN:236,doRemoveFile
FN:241,dlt_user_log_file_errorMessage
FN:306,dlt_user_log_file_infoAbout
FN:369,dlt_user_log_file_complete
FN:404,dlt_user_log_file_packagesCount
FN:454,dlt_user_log_file_header_alias
FN:516,dlt_user_log_file_header
FN:576,dlt_user_log_file_data
FN:712,dlt_user_log_file_end
FNDA:0,checkUserBufferForFreeSpace
FNDA:0,getFilesize
FNDA:0,getFileCreationDate
FNDA:0,dlt_user_log_file_header_alias
FNDA:0,dlt_user_log_file_complete
FNDA:0,stringHash
FNDA:0,getFileSerialNumber
FNDA:0,dlt_user_log_file_data
FNDA:0,doRemoveFile
FNDA:0,doTimeout
FNDA:0,getFileCreationDate2
FNDA:0,dlt_user_log_file_packagesCount
FNDA:0,dlt_user_log_file_infoAbout
FNDA:0,dlt_user_log_file_end
FNDA:0,dlt_user_log_file_header
FNDA:0,isFile
FNDA:0,dlt_user_log_file_errorMessage
FNF:17
FNH:0
DA:84,0
DA:88,0
DA:90,0
DA:91,0
DA:94,0
DA:95,0
DA:103,0
DA:105,0
DA:109,0
DA:113,0
DA:117,0
DA:118,0
DA:129,0
DA:134,0
DA:135,0
DA:136,0
DA:138,0
DA:139,0
DA:140,0
DA:141,0
DA:142,0
DA:143,0
DA:146,0
DA:155,0
DA:159,0
DA:160,0
DA:161,0
DA:164,0
DA:165,0
DA:175,0
DA:180,0
DA:181,0
DA:183,0
DA:186,0
DA:187,0
DA:188,0
DA:189,0
DA:196,0
DA:199,0
DA:206,0
DA:209,0
DA:210,0
DA:211,0
DA:212,0
DA:218,0
DA:222,0
DA:224,0
DA:225,0
DA:236,0
DA:238,0
DA:241,0
DA:244,0
DA:245,0
DA:246,0
DA:248,0
DA:249,0
DA:254,0
DA:256,0
DA:257,0
DA:263,0
DA:264,0
DA:266,0
DA:267,0
DA:273,0
DA:275,0
DA:288,0
DA:296,0
DA:306,0
DA:309,0
DA:312,0
DA:314,0
DA:315,0
DA:321,0
DA:323,0
DA:324,0
DA:330,0
DA:331,0
DA:333,0
DA:334,0
DA:340,0
DA:352,0
DA:353,0
DA:369,0
DA:374,0
DA:375,0
DA:376,0
DA:379,0
DA:383,0
DA:388,0
DA:389,0
DA:404,0
DA:409,0
DA:412,0
DA:414,0
DA:415,0
DA:420,0
DA:423,0
DA:426,0
DA:428,0
DA:431,0
DA:435,0
DA:440,0
DA:454,0
DA:457,0
DA:460,0
DA:462,0
DA:463,0
DA:467,0
DA:470,0
DA:472,0
DA:473,0
DA:479,0
DA:480,0
DA:482,0
[...]
DA:1630,2909
DA:1633,2909
DA:1635,2909
DA:1638,0
DA:1643,0
DA:1644,0
DA:1646,0
DA:1650,0
DA:1651,0
DA:1653,0
DA:1656,0
DA:1657,0
DA:1658,0
DA:1661,0
DA:1665,0
DA:1669,0
DA:1670,0
DA:1673,0
DA:1675,0
DA:1676,0
DA:1678,0
DA:1682,0
DA:1684,0
DA:1685,0
DA:1687,0
DA:1690,0
DA:1692,0
DA:1693,0
DA:1695,0
DA:1699,0
DA:1700,0
DA:1701,0
DA:1706,0
DA:1709,0
DA:1711,0
DA:1714,0
DA:1716,0
DA:1718,0
DA:1721,0
DA:1722,0
DA:1724,0
DA:1726,0
DA:1729,3965
DA:1731,3965
DA:1733,3965
DA:1737,3965
DA:1738,0
DA:1739,0
DA:1743,3965
DA:1744,0
DA:1745,0
DA:1746,0
DA:1750,3965
DA:1753,3965
DA:1756,3965
DA:1760,3965
DA:1762,3965
DA:1765,69
DA:1767,69
DA:1769,69
DA:1773,69
DA:1774,54
DA:1776,69
DA:1779,69
DA:1780,59
DA:1782,69
DA:1784,69
DA:1787,19
DA:1789,19
DA:1790,0
DA:1791,0
DA:1793,0
DA:1796,19
DA:1798,19
DA:1800,17
DA:1803,17
DA:1804,1
DA:1805,1
DA:1809,16
DA:1813,5492
DA:1816,5492
DA:1817,5483
DA:1828,0
DA:1830,0
DA:1831,0
DA:1833,12
DA:1835,12
DA:1838,26
DA:1841,26
DA:1842,0
DA:1843,0
DA:1846,26
DA:1848,26
DA:1852,7
DA:1853,4
DA:1854,4
DA:1855,4
DA:1858,1
DA:1859,1
DA:1861,3
DA:1862,3
DA:1866,4
DA:1869,4
DA:1870,4
DA:1872,4
DA:1873,0
DA:1874,0
DA:1879,4
DA:1883,4
DA:1885,4
DA:1886,4
DA:1889,4
DA:1891,4
DA:1893,4
DA:1895,3
DA:1896,3
DA:1898,3
DA:1908,3
DA:1914,15
DA:1916,15
DA:1917,5
DA:1918,3
DA:1920,2
DA:1923,15
DA:1925,2
DA:1927,2
DA:1928,2
DA:1929,2
DA:1931,3
DA:1933,3
DA:1936,3
DA:1939,2852
DA:1941,2852
DA:1944,2852
DA:1948,2852
DA:1949,8
DA:1954,8
DA:1955,8
DA:1956,2844
DA:1957,2844
DA:1958,2844
DA:1961,2852
DA:1963,2852
DA:1966,1831770
DA:1975,1831770
DA:1978,1831769
DA:1981,1830835
DA:1984,1830835
DA:1986,1830835
DA:1987,510
DA:1989,1020
DA:1990,510
DA:1991,510
DA:1993,510
DA:1995,510
DA:1996,510
DA:1997,1830288
DA:1999,3660576
DA:2000,1830288
DA:2001,1830288
DA:2003,1830288
DA:2006,0
DA:2009,0
DA:2010,0
DA:2012,0
DA:2013,0
DA:2015,0
DA:2017,0
DA:2019,0
DA:2020,32
DA:2023,32
DA:2024,24
DA:2025,12
DA:2027,20
DA:2028,40
DA:2029,20
DA:2030,20
DA:2042,1846243
DA:2044,1846243
DA:2048,1846243
DA:2051,1846243
DA:2054,1825284
DA:2056,1825284
DA:2058,1825284
DA:2060,1825284
DA:2063,5477
DA:2069,5477
DA:2072,5477
DA:2075,5477
DA:2078,5477
DA:2080,5477
DA:2082,5477
DA:2084,5477
DA:2087,5477
DA:2090,5525
DA:2092,5525
DA:2095,5525
DA:2096,5525
DA:2101,5525
DA:2102,0
DA:2103,0
DA:2106,5525
DA:2107,5525
DA:2108,5525
DA:2109,5525
DA:2110,5525
DA:2111,5525
DA:2112,5525
DA:2113,5525
DA:2116,5525
DA:2117,0
DA:2118,0
DA:2121,5525
DA:2124,5525
DA:2127,9
DA:2129,9
DA:2132,9
DA:2136,9
DA:2138,9
DA:2142,9
DA:2143,9
DA:2144,9
DA:2145,9
DA:2146,9
DA:2147,9
DA:2148,9
DA:2149,9
DA:2150,9
DA:2152,9
DA:2155,5524
DA:2158,5524
DA:2161,5524
DA:2162,5522
DA:2164,5524
DA:2165,0
DA:2167,5524
DA:2168,5524
DA:2169,5524
DA:2171,5524
DA:2174,9
DA:2177,9
DA:2180,9
DA:2181,0
DA:2183,9
DA:2184,9
DA:2185,9
DA:2187,9
DA:2190,1724
DA:2194,1724
DA:2197,1724
DA:2200,1723
DA:2201,1723
DA:2203,1723
DA:2204,0
DA:2205,0
DA:2206,0
DA:2209,1723
DA:2211,426
DA:2212,426
DA:2213,426
DA:2215,1297
DA:2217,1297
DA:2218,1297
DA:2219,1297
DA:2223,0
DA:2224,0
DA:2225,0
DA:2226,0
DA:2228,0
DA:2232,1723
DA:2233,6
DA:2234,6
DA:2237,1717
DA:2238,1717
DA:2240,1717
DA:2243,6092
DA:2245,6092
DA:2248,6135
DA:2251,6135
DA:2252,0
DA:2253,0
DA:2254,0
DA:2257,6135
DA:2258,263
DA:2260,6092
DA:2263,1718
DA:2265,1718
DA:2268,1718
DA:2271,1718
DA:2272,0
DA:2274,0
DA:2275,0
DA:2279,0
DA:2285,133
DA:2290,133
DA:2293,133
DA:2294,88
DA:2296,133
DA:2297,133
DA:2298,133
DA:2304,133
DA:2305,88
DA:2309,133
DA:2310,0
DA:2311,0
DA:2312,0
DA:2316,133
DA:2319,12098
DA:2326,12098
DA:2333,12098
DA:2337,12098
DA:2338,12098
DA:2339,12098
DA:2340,12098
DA:2342,12098
DA:2348,12098
DA:2349,12098
DA:2352,12098
DA:2355,7
DA:2358,7
DA:2359,1
DA:2363,7
DA:2366,6979
DA:2368,6979
DA:2371,13958
DA:2372,6979
DA:2373,6979
DA:2374,6979
DA:2375,13958
DA:2378,0
DA:2380,0
DA:2386,0
DA:2387,0
DA:2388,0
DA:2389,0
DA:2393,0
DA:2394,0
DA:2395,0
DA:2396,0
DA:2397,0
DA:2400,0
DA:2402,0
DA:2404,0
DA:2406,0
DA:2409,0
DA:2411,0
DA:2415,0
DA:2416,0
DA:2417,0
DA:2418,0
DA:2421,0
DA:2422,0
DA:2424,0
DA:2428,0
DA:2431,5614
DA:2437,5614
DA:2441,5606
DA:2444,5599
DA:2447,5599
DA:2451,5599
DA:2452,5599
DA:2453,5599
DA:2456,5599
DA:2458,5599
DA:2459,0
DA:2462,0
DA:2467,5599
DA:2468,5599
DA:2469,5599
DA:2470,5599
DA:2472,5599
DA:2473,0
DA:2476,0
DA:2479,5599
DA:2481,5599
DA:2486,5599
DA:2488,5599
DA:2491,0
DA:2494,0
DA:2497,0
DA:2499,0
DA:2500,0
DA:2506,5588
DA:2509,5588
DA:2512,5587
DA:2514,0
DA:2515,0
DA:2518,5587
DA:2519,5587
DA:2520,5587
DA:2522,5587
DA:2525,41030
DA:2528,41030
DA:2529,40011
DA:2530,40011
DA:2532,40010
DA:2533,40010
DA:2539,1
DA:2541,1
DA:2542,1
DA:2543,1
DA:2548,0
DA:2552,1019
DA:2554,41030
DA:2556,53
DA:2559,53
DA:2560,37
DA:2562,35
DA:2563,35
DA:2569,2
DA:2571,1
DA:2572,1
DA:2573,1
DA:2578,16
DA:2580,53
DA:2582,858
DA:2584,858
DA:2587,858
DA:2588,0
DA:2593,7
DA:2599,7
DA:2600,1
DA:2601,1
DA:2605,6
DA:2610,6
DA:2615,6
DA:2617,6
DA:2618,0
DA:2621,0
DA:2625,6
DA:2628,6
DA:2629,4
DA:2630,4
DA:2631,4
DA:2632,4
DA:2635,2
DA:2636,2
DA:2637,2
DA:2638,2
DA:2639,2
DA:2643,6
DA:2646,6
DA:2647,6
DA:2648,6
DA:2650,6
DA:2656,6
DA:2659,8
DA:2664,8
DA:2665,1
DA:2666,1
DA:2669,7
DA:2674,0
DA:2676,0
DA:2677,0
DA:2680,0
DA:2684,0
DA:2687,0
DA:2688,0
DA:2689,0
DA:2692,0
DA:2693,0
DA:2694,0
DA:2696,0
DA:2701,0
DA:2703,0
DA:2706,9
DA:2709,9
DA:2710,1
DA:2711,1
DA:2714,8
DA:2716,8
DA:2719,8
DA:2720,8
DA:2721,8
DA:2724,8
DA:2726,8
DA:2729,7516
DA:2731,7516
DA:2734,15284
DA:2747,15284
DA:2750,15216
DA:2752,0
DA:2753,0
DA:2757,15216
DA:2758,15216
DA:2759,15216
DA:2762,15216
DA:2763,0
DA:2766,0
DA:2767,0
DA:2771,15216
DA:2772,0
DA:2773,15216
DA:2776,15216
DA:2779,15220
DA:2781,4
DA:2787,4
DA:2788,4
DA:2791,4
DA:2792,0
DA:2793,4
DA:2796,4
DA:2802,15216
DA:2803,15216
DA:2806,15216
DA:2808,15216
DA:2809,15216
DA:2811,15216
DA:2812,7702
DA:2814,15216
DA:2815,1876
DA:2818,15216
DA:2819,15216
DA:2821,15216
DA:2825,64
DA:2829,64
DA:2833,64
DA:2836,47
DA:2838,0
DA:2839,0
DA:2843,47
DA:2844,47
DA:2845,47
DA:2848,47
DA:2849,3
DA:2852,3
DA:2853,3
DA:2857,44
DA:2858,22
DA:2859,1
DA:2862,1
DA:2865,22
DA:2869,22
DA:2870,21
DA:2872,1
DA:2875,22
DA:2876,1
DA:2879,1
DA:2880,1
DA:2884,21
DA:2887,21
DA:2888,1
DA:2889,1
DA:2890,1
DA:2893,20
DA:2894,0
DA:2895,0
DA:2896,0
DA:2900,20
DA:2901,1
DA:2904,1
DA:2905,1
DA:2909,19
DA:2910,1
DA:2916,19
DA:2918,14
DA:2920,14
DA:2922,3
DA:2925,5
DA:2927,5
DA:2928,5
DA:2930,0
DA:2934,19
DA:2935,8
DA:2937,8
DA:2939,5
DA:2942,19
DA:2945,8
DA:2947,8
DA:2950,13
DA:2952,13
DA:2955,7
DA:2957,7
DA:2960,2
DA:2963,2
DA:2964,1
DA:2965,1
DA:2968,1
DA:2970,1
DA:2973,2
DA:2978,2
DA:2979,1
DA:2980,1
DA:2984,1
DA:2987,1
DA:2988,1
DA:2989,1
DA:2991,1
DA:2996,3
DA:2999,3
DA:3002,2
DA:3005,2503
DA:3010,2503
DA:3014,2502
DA:3017,2502
DA:3018,2502
DA:3019,2502
DA:3021,2502
DA:3024,2501
DA:3025,2501
DA:3027,0
DA:3030,8528
DA:3033,8528
DA:3037,8528
DA:3040,8528
DA:3045,0
DA:3050,0
DA:3053,0
DA:3062,0
DA:3074,0
DA:3080,0
DA:3086,0
DA:3087,0
DA:3092,0
DA:3093,0
DA:3098,0
DA:3099,0
DA:3103,0
DA:3104,0
DA:3112,0
DA:3117,0
DA:3123,0
DA:3126,0
DA:3128,0
DA:3131,0
DA:3133,0
DA:3136,0
DA:3138,0
DA:3141,0
DA:3143,0
DA:3146,0
DA:3148,0
DA:3151,0
DA:3153,0
DA:3156,0
DA:3158,0
DA:3161,0
DA:3163,0
DA:3166,0
DA:3168,0
DA:3171,0
DA:3173,0
DA:3176,0
DA:3178,0
DA:3181,0
DA:3183,0
DA:3186,0
DA:3188,0
DA:3191,0
DA:3193,0
DA:3196,0
DA:3198,0
DA:3201,0
DA:3204,0
DA:3207,0
DA:3209,0
DA:3212,0
DA:3214,0
DA:3217,0
DA:3219,0
DA:3222,0
DA:3224,0
DA:3227,0
DA:3229,0
DA:3232,0
DA:3234,0
DA:3237,0
DA:3239,0
DA:3242,0
DA:3244,0
DA:3247,0
DA:3249,0
DA:3252,0
DA:3254,0
DA:3257,0
DA:3259,0
DA:3262,0
DA:3264,0
DA:3267,0
DA:3270,0
DA:3273,0
DA:3277,0
DA:3285,22
DA:3287,22
DA:3288,0
DA:3289,0
DA:3310,9
DA:3312,9
DA:3313,0
DA:3314,0
DA:3320,9
DA:3322,9
DA:3323,0
DA:3324,0
DA:3331,6295
DA:3341,6295
DA:3342,6295
DA:3350,328
DA:3352,328
DA:3355,316
DA:3357,316
DA:3359,316
DA:3362,328
DA:3364,328
DA:3367,316
DA:3369,316
DA:3371,316
DA:3373,316
DA:3375,316
DA:3378,328
DA:3380,328
DA:3383,316
DA:3385,316
DA:3387,316
DA:3389,316
DA:3391,316
DA:3394,328
DA:3396,328
DA:3399,316
DA:3401,316
DA:3403,316
DA:3405,316
DA:3407,316
DA:3410,328
DA:3412,328
DA:3415,316
DA:3417,316
DA:3419,316
DA:3422,316
DA:3424,316
DA:3427,3551
DA:3437,3551
DA:3452,3536
DA:3453,3536
DA:3454,3536
DA:3455,3536
DA:3471,3536
DA:3472,1549
DA:3474,1549
DA:3475,1549
DA:3477,1549
DA:3480,1549
DA:3483,0
DA:3486,1549
DA:3487,0
DA:3489,0
DA:3492,0
DA:3494,0
DA:3497,0
DA:3499,0
DA:3500,0
DA:3501,0
DA:3502,0
DA:3506,0
DA:3507,0
DA:3510,1549
DA:3512,1549
DA:3515,1987
DA:3518,112
DA:3519,0
DA:3521,0
DA:3524,0
DA:3526,0
DA:3529,0
DA:3531,0
DA:3532,0
DA:3533,0
DA:3534,0
DA:3538,0
DA:3539,0
DA:3543,112
DA:3545,112
DA:3548,110
DA:3550,1875
DA:3552,0
DA:3553,0
DA:3555,0
DA:3556,0
DA:3558,0
DA:3561,0
DA:3562,0
DA:3565,0
DA:3571,0
DA:3572,0
DA:3574,0
DA:3575,0
DA:3577,0
DA:3580,0
DA:3581,0
DA:3584,0
DA:3590,1875
DA:3592,0
DA:3593,0
DA:3595,0
DA:3598,0
DA:3601,0
DA:3602,0
DA:3604,0
DA:3607,0
DA:3610,0
DA:3611,0
DA:3613,0
DA:3619,0
DA:3620,0
DA:3621,0
DA:3623,0
DA:3627,0
DA:3628,0
DA:3630,0
DA:3633,0
DA:3634,0
DA:3637,1875
DA:3640,1748
DA:3641,0
DA:3643,0
DA:3646,0
DA:3647,0
DA:3649,0
DA:3652,0
DA:3654,0
DA:3657,0
DA:3659,0
DA:3660,0
DA:3661,0
DA:3662,0
DA:3666,0
DA:3667,0
DA:3669,0
DA:3674,0
DA:3676,0
DA:3677,0
DA:3680,1748
DA:3681,0
DA:3683,0
DA:3686,0
DA:3687,0
DA:3691,0
DA:3694,0
DA:3695,0
DA:3696,0
DA:3698,0
DA:3700,0
DA:3703,0
DA:3704,0
DA:3705,0
DA:3707,0
DA:3709,0
DA:3712,0
DA:3713,0
DA:3714,0
DA:3723,1748
DA:3724,14
DA:3726,14
DA:3728,7
DA:3730,7
DA:3733,7
DA:3737,7
DA:3739,7
DA:3742,7
DA:3747,21
DA:3749,21
DA:3752,7
DA:3754,7
DA:3757,7
DA:3758,7
DA:3763,14
DA:3765,14
DA:3768,14
DA:3769,14
DA:3774,1699
DA:3776,1699
DA:3779,287
DA:3781,287
DA:3784,287
DA:3790,1412
DA:3792,1412
DA:3795,1412
DA:3801,14
DA:3803,14
DA:3806,7
DA:3808,7
DA:3811,7
DA:3821,7
DA:3823,7
DA:3826,7
DA:3836,0
DA:3838,0
DA:3839,0
DA:3841,0
DA:3844,0
DA:3845,0
DA:3846,0
DA:3854,127
DA:3857,14
DA:3858,0
DA:3860,0
DA:3863,0
DA:3864,0
DA:3866,0
DA:3869,0
DA:3871,0
DA:3874,0
DA:3876,0
DA:3877,0
DA:3878,0
DA:3879,0
DA:3883,0
DA:3884,0
DA:3886,0
DA:3891,0
DA:3893,0
DA:3894,0
DA:3897,14
DA:3898,0
DA:3900,0
DA:3901,0
DA:3903,0
DA:3906,0
DA:3907,0
DA:3908,0
DA:3910,0
DA:3912,0
DA:3913,0
DA:3915,0
DA:3918,0
DA:3919,0
DA:3920,0
DA:3929,7
DA:3931,7
DA:3936,7
DA:3938,7
DA:3954,7
DA:3956,7
DA:3961,7
DA:3976,0
DA:3978,0
DA:3979,0
DA:3981,0
DA:3984,0
DA:3985,0
DA:3986,0
DA:3994,113
DA:3997,112
DA:3999,112
DA:4002,110
DA:4004,110
DA:4005,0
DA:4007,0
DA:4010,0
DA:4012,0
DA:4015,0
DA:4017,0
DA:4018,0
DA:4019,0
DA:4020,0
DA:4024,0
DA:4025,0
DA:4028,110
DA:4031,9
DA:4033,9
DA:4034,9
DA:4036,1
DA:4039,0
DA:4041,0
DA:4044,0
DA:4046,0
DA:4048,0
DA:4055,3430
DA:4056,0
DA:4057,0
DA:4061,3430
DA:4062,0
DA:4064,0
DA:4066,0
DA:4067,0
DA:4075,5483
DA:4077,5483
DA:4079,5483
DA:4080,0
DA:4082,5483
DA:4084,5483
DA:4085,0
DA:4087,0
DA:4088,0
DA:4091,5483
DA:4093,5483
DA:4094,0
DA:4096,0
DA:4097,0
DA:4101,5483
DA:4103,5483
DA:4104,0
DA:4106,5483
DA:4117,5483
DA:4119,2
DA:4127,2
DA:4133,2
DA:4135,2
DA:4136,2
DA:4138,2
DA:4139,2
DA:4140,2
DA:4141,2
DA:4147,14
DA:4149,14
DA:4152,14
DA:4158,14
DA:4159,14
DA:4160,14
DA:4161,14
DA:4163,14
DA:4165,14
DA:4168,12
DA:4170,12
DA:4173,12
DA:4179,12
DA:4180,12
DA:4182,12
DA:4184,12
DA:4187,11
DA:4189,11
DA:4195,11
DA:4196,11
DA:4198,11
DA:4201,20
DA:4203,20
DA:4207,20
DA:4213,289
DA:4214,269
DA:4215,269
DA:4216,269
DA:4217,269
DA:4223,0
DA:4225,0
DA:4227,0
DA:4232,0
DA:4233,0
DA:4234,0
DA:4239,0
DA:4240,0
DA:4243,0
DA:4245,0
DA:4248,0
DA:4250,0
DA:4255,0
DA:4260,0
DA:4262,0
DA:4265,0
DA:4269,0
DA:4273,3
DA:4276,3
DA:4278,3
DA:4280,3
DA:4283,1
DA:4285,1
DA:4286,0
DA:4287,0
DA:4290,106
DA:4292,105
DA:4293,0
DA:4296,105
DA:4298,105
DA:4301,105
DA:4303,105
DA:4306,105
DA:4308,105
DA:4311,105
DA:4313,0
DA:4315,0
DA:4316,0
DA:4319,105
DA:4322,105
DA:4327,105
DA:4330,105
DA:4336,105
DA:4337,105
DA:4339,105
DA:4341,105
DA:4344,1
DA:4345,1
DA:4349,0
DA:4354,0
DA:4356,0
DA:4360,0
DA:4362,0
DA:4364,0
DA:4367,0
DA:4368,0
DA:4370,0
DA:4372,0
DA:4373,0
DA:4375,0
DA:4378,0
DA:4380,0
DA:4383,0
DA:4386,0
DA:4387,0
DA:4389,0
DA:4390,0
DA:4391,0
DA:4394,0
DA:4398,0
DA:4400,0
DA:4402,0
DA:4406,0
DA:4407,0
DA:4411,0
DA:4412,0
DA:4415,5
DA:4417,5
DA:4418,0
DA:4419,0
DA:4422,5
DA:4423,5
DA:4426,6
DA:4427,6
DA:4429,6
DA:4430,6
DA:4431,5
DA:4432,5
DA:4434,5
DA:4435,5
DA:4436,5
DA:4439,12
DA:4441,12
DA:4443,12
DA:4445,12
DA:4446,12
DA:4447,12
DA:4449,37
DA:4451,37
LF:1754
LH:1117
end_of_record
TN:
SF:/home/runner/work/dlt-daemon/dlt-daemon/src/shared/dlt_config_file_parser.c
FN:51,dlt_config_file_trim_line
FN:95,dlt_config_file_is_section_name
FN:121,dlt_config_file_set_section
FN:171,dlt_config_file_set_section_data
FN:251,dlt_config_file_get_section_name_from_string
FN:281,dlt_config_file_get_key_value
FN:321,dlt_config_file_read_line
FN:354,dlt_config_file_read_file
FN:407,dlt_config_file_find_section
FN:428,dlt_config_file_init
FN:462,dlt_config_file_release
FN:491,dlt_config_file_get_section_name
FN:504,dlt_config_file_get_num_sections
FN:518,dlt_config_file_get_value
FN:555,dlt_config_file_check_section_name_exists
FNDA:14,dlt_config_file_get_num_sections
FNDA:14,dlt_config_file_read_file
FNDA:379,dlt_config_file_read_line
FNDA:40,dlt_config_file_get_section_name
FNDA:40,dlt_config_file_is_section_name
FNDA:536,dlt_config_file_get_value
FNDA:339,dlt_config_file_set_section_data
FNDA:40,dlt_config_file_set_section
FNDA:14,dlt_config_file_init
FNDA:14,dlt_config_file_release
FNDA:4,dlt_config_file_check_section_name_exists
FNDA:540,dlt_config_file_find_section
FNDA:339,dlt_config_file_get_key_value
FNDA:40,dlt_config_file_get_section_name_from_string
FNDA:379,dlt_config_file_trim_line
FNF:15
FNH:15
DA:51,379
DA:53,379
DA:59,6707
DA:60,6328
DA:62,6328
DA:63,5949
DA:66,379
DA:79,406
DA:95,40
DA:99,40
DA:102,179
DA:103,139
DA:105,139
DA:121,40
DA:123,40
DA:126,40
DA:127,0
DA:128,0
DA:132,40
DA:133,0
DA:134,0
DA:137,40
DA:140,40
DA:142,40
DA:143,0
DA:144,0
DA:147,40
DA:149,40
DA:150,0
DA:151,0
DA:152,0
DA:153,0
DA:157,40
DA:158,40
DA:171,339
DA:175,339
DA:178,339
DA:179,339
DA:181,339
DA:182,0
DA:183,0
DA:187,339
DA:189,339
DA:191,40
DA:193,40
DA:194,0
DA:195,0
DA:198,40
DA:201,299
DA:203,1589
DA:204,1290
DA:207,299
DA:209,299
DA:210,0
DA:211,0
DA:215,339
DA:216,339
DA:217,339
DA:219,339
DA:221,339
DA:236,379
DA:251,40
DA:256,40
DA:259,386
DA:260,386
DA:261,40
DA:262,346
DA:265,306
DA:281,339
DA:287,339
DA:290,339
DA:292,339
DA:294,339
DA:299,339
DA:301,339
DA:303,339
DA:308,339
DA:321,379
DA:323,379
DA:333,40
DA:336,40
DA:340,339
DA:341,0
DA:354,14
DA:357,14
DA:358,14
DA:359,14
DA:364,434
DA:365,406
DA:368,27
DA:369,27
DA:372,379
DA:375,379
DA:377,379
DA:378,40
DA:381,40
DA:385,339
DA:387,339
DA:388,339
DA:391,0
DA:392,0
DA:396,14
DA:407,540
DA:412,540
DA:413,0
DA:414,0
DA:417,2490
DA:418,2486
DA:420,2486
DA:421,536
DA:428,14
DA:433,14
DA:434,0
DA:435,0
DA:438,14
DA:440,14
DA:441,0
DA:442,0
DA:445,14
DA:448,14
DA:449,0
DA:450,0
DA:451,0
DA:454,14
DA:457,14
DA:459,14
DA:462,14
DA:466,14
DA:467,14
DA:469,54
DA:470,40
DA:471,40
DA:472,40
DA:474,40
DA:475,40
DA:477,379
DA:479,339
DA:480,339
DA:481,339
DA:482,339
DA:486,14
DA:487,14
DA:489,14
DA:491,40
DA:495,40
DA:498,40
DA:499,40
DA:501,40
DA:504,14
DA:506,14
DA:513,14
DA:515,14
DA:518,536
DA:526,536
DA:532,536
DA:534,536
DA:537,536
DA:539,536
DA:541,3465
DA:542,3264
DA:543,335
DA:544,335
DA:547,2929
DA:551,201
DA:552,201
DA:555,4
DA:560,4
DA:563,4
DA:564,4
DA:565,4
LF:170
LH:142
end_of_record
TN:
SF:/home/runner/work/dlt-daemon/dlt-daemon/src/shared/dlt_multiple_files.c
FN:43,multiple_files_buffer_storage_dir_info
FN:117,multiple_files_buffer_file_name
FN:133,multiple_files_buffer_get_idx_of_log_file
FN:147,multiple_files_buffer_create_new_file
FN:225,multiple_files_buffer_get_total_size
FN:268,multiple_files_buffer_delete_oldest_file
FN:346,multiple_files_buffer_check_size
FN:377,multiple_files_buffer_open_file_for_append
FN:407,multiple_files_buffer_init
FN:439,multiple_files_buffer_rotate_file
FN:455,multiple_files_buffer_write_chunk
FN:473,multiple_files_buffer_write
FN:485,multiple_files_buffer_free
FNDA:21,multiple_files_buffer_get_total_size
FNDA:9,multiple_files_buffer_delete_oldest_file
FNDA:12,multiple_files_buffer_rotate_file
FNDA:3,multiple_files_buffer_init
FNDA:12,multiple_files_buffer_storage_dir_info
FNDA:9,multiple_files_buffer_file_name
FNDA:9,multiple_files_buffer_create_new_file
FNDA:12,multiple_files_buffer_write
FNDA:3,multiple_files_buffer_open_file_for_append
FNDA:3,multiple_files_buffer_free
FNDA:53,multiple_files_buffer_get_idx_of_log_file
FNDA:12,multiple_files_buffer_write_chunk
FNDA:12,multiple_files_buffer_check_size
FNF:13
FNH:13
DA:43,12
DA:48,12
DA:52,12
DA:53,0
DA:54,0
DA:57,12
DA:58,12
DA:60,434
DA:62,422
DA:64,422
DA:65,110
DA:66,48
DA:68,48
DA:69,48
DA:71,36
DA:74,20
DA:80,48
DA:81,32
DA:83,20
DA:86,20
DA:93,12
DA:94,12
DA:96,12
DA:97,0
DA:101,12
DA:103,12
DA:104,0
DA:110,434
DA:112,12
DA:114,12
DA:117,9
DA:123,9
DA:126,9
DA:127,9
DA:130,9
DA:131,9
DA:133,53
DA:135,53
DA:137,53
DA:140,53
DA:142,53
DA:144,53
DA:147,9
DA:149,9
DA:150,0
DA:151,0
DA:161,9
DA:164,0
DA:165,0
DA:166,0
DA:168,0
DA:170,0
DA:171,0
DA:173,0
DA:175,0
DA:176,0
DA:177,0
DA:181,0
DA:183,0
DA:184,0
DA:185,0
DA:189,9
DA:190,9
DA:192,9
DA:193,9
DA:199,9
DA:201,9
DA:203,9
DA:205,9
DA:206,0
DA:207,0
DA:212,9
DA:213,9
DA:216,9
DA:218,0
DA:219,0
DA:225,21
DA:227,21
DA:228,0
DA:229,0
DA:238,21
DA:239,21
DA:240,0
DA:241,0
DA:244,779
DA:246,758
DA:252,80
DA:253,80
DA:254,80
DA:255,80
DA:257,0
DA:262,21
DA:265,21
DA:268,9
DA:270,9
DA:271,0
DA:272,0
DA:283,9
DA:284,9
DA:287,9
DA:289,9
DA:292,345
DA:293,336
DA:299,44
DA:301,0
DA:304,44
DA:305,0
DA:306,0
DA:307,0
DA:308,0
DA:309,0
DA:311,0
DA:314,0
DA:318,44
DA:319,44
DA:323,23
DA:329,9
DA:332,9
DA:333,9
DA:334,0
DA:335,0
DA:338,0
DA:339,0
DA:343,9
DA:346,12
DA:348,12
DA:349,0
DA:350,0
DA:356,12
DA:357,12
DA:358,0
DA:359,0
DA:362,12
DA:363,0
DA:364,0
DA:369,21
DA:371,9
DA:374,12
DA:377,3
DA:378,3
DA:380,3
DA:381,3
DA:384,3
DA:385,3
DA:388,0
DA:395,3
DA:396,0
DA:397,0
DA:401,3
DA:402,3
DA:404,3
DA:407,3
DA:416,3
DA:417,0
DA:418,0
DA:422,3
DA:423,3
DA:424,3
DA:425,3
DA:426,3
DA:427,3
DA:428,3
DA:429,3
DA:430,3
DA:432,3
DA:434,3
DA:435,3
DA:436,3
DA:439,12
DA:442,12
DA:445,9
DA:446,9
DA:449,9
DA:452,9
DA:455,12
DA:459,12
DA:460,0
DA:461,0
DA:464,12
DA:465,12
DA:466,0
DA:467,0
DA:473,12
DA:477,12
DA:479,12
DA:482,12
DA:485,3
DA:487,3
DA:488,0
DA:489,0
DA:492,3
DA:495,3
DA:497,3
LF:193
LH:133
end_of_record
TN:
SF:/home/runner/work/dlt-daemon/dlt-daemon/src/shared/dlt_offline_trace.c
FN:69,dlt_offline_trace_write
FNDA:0,dlt_offline_trace_write
FNF:1
FNH:0
DA:69,0
DA:78,0
DA:80,0
DA:83,0
DA:84,0
DA:85,0
LF:6
LH:0
end_of_record
TN:
SF:/home/runner/work/dlt-daemon/dlt-daemon/src/shared/dlt_protocol.c
FN:71,dlt_get_service_name
FNDA:11,dlt_get_service_name
FNF:1
FNH:1
DA:71,11
DA:73,11
DA:75,11
DA:76,11
DA:78,11
DA:79,11
DA:81,0
LF:7
LH:6
end_of_record
TN:
SF:/home/runner/work/dlt-daemon/dlt-daemon/src/shared/dlt_user_shared.c
FN:79,dlt_user_set_userheader
FN:96,dlt_user_check_userheader
FN:107,dlt_user_log_out2
FN:129,dlt_user_log_out2_with_timeout
FN:151,dlt_user_log_out3
FN:203,dlt_user_log_out3_with_timeout
FNDA:432,dlt_user_log_out2
FNDA:6375,dlt_user_log_out3
FNDA:0,dlt_user_log_out3_with_timeout
FNDA:11833,dlt_user_check_userheader
FNDA:51,dlt_user_log_out2_with_timeout
FNDA:6809,dlt_user_set_userheader
FNF:6
FNH:5
DA:79,6809
DA:81,6809
DA:84,6809
DA:87,6809
DA:88,6809
DA:89,6809
DA:90,6809
DA:91,6809
DA:93,6809
DA:96,11833
DA:98,11833
DA:101,23666
DA:102,11833
DA:103,23666
DA:104,11833
DA:107,432
DA:112,432
DA:116,94
DA:117,94
DA:118,94
DA:119,94
DA:121,94
DA:123,94
DA:124,0
DA:129,51
DA:131,51
DA:136,867
DA:137,51
DA:139,51
DA:140,51
DA:144,51
DA:145,51
DA:151,6375
DA:156,6375
DA:160,5857
DA:161,5857
DA:162,5857
DA:163,5857
DA:164,5857
DA:165,5857
DA:167,5857
DA:169,5857
DA:170,2
DA:186,0
DA:188,0
DA:197,0
DA:203,0
DA:205,0
DA:210,0
DA:211,0
DA:213,0
DA:214,0
DA:218,0
DA:219,0
LF:54
LH:42
end_of_record
